2019-12-26 21:00:33,553 接口测试 INFO https://cnodejs.org/api/v1/topics 本次请求没有参数
2019-12-26 21:00:34,486 接口测试 INFO https://cnodejs.org/api/v1/topic/5433d5e4e737cbe96dcef312 本次请求没有参数
2019-12-26 21:00:35,117 接口测试 INFO https://cnodejs.org/api/v1/topic_collect/collect 本次请求没有参数
2019-12-26 21:00:35,468 接口测试 INFO https://cnodejs.org/api/v1/topic_collect/de_collect 本次请求没有参数
2019-12-26 21:00:35,878 接口测试 INFO https://cnodejs.org/api/v1/user/alsotang 本次请求没有参数
2019-12-26 21:00:36,646 接口测试 INFO https://cnodejs.org/api/v1/message/mark_all 本次请求没有参数
2019-12-26 21:00:37,035 接口测试 INFO https://www.v2ex.com/api/site/info.json 本次请求没有参数
2019-12-26 21:01:43,013 接口测试 INFO https://cnodejs.org/api/v1/topics 本次请求没有参数
2019-12-26 21:01:47,732 接口测试 INFO https://cnodejs.org/api/v1/topic/5433d5e4e737cbe96dcef312 本次请求没有参数
2019-12-26 21:01:49,734 接口测试 INFO https://cnodejs.org/api/v1/topic_collect/collect 本次请求没有参数
2019-12-26 21:01:50,702 接口测试 INFO https://cnodejs.org/api/v1/topic_collect/de_collect 本次请求没有参数
2019-12-26 21:01:51,048 接口测试 INFO https://cnodejs.org/api/v1/user/alsotang 本次请求没有参数
2019-12-26 21:01:51,502 接口测试 INFO https://cnodejs.org/api/v1/message/mark_all 本次请求没有参数
2019-12-26 21:01:53,343 接口测试 INFO https://www.v2ex.com/api/site/info.json 本次请求没有参数
2019-12-26 21:02:25,253 接口测试 INFO 正在向 ['1206180814.com'] 发送邮件
2019-12-26 21:02:27,090 接口测试 ERROR Error: 无法发送邮件
2019-12-26 21:02:27,091 接口测试 INFO 向 ['1206180814.com'] 发送邮件成功
2019-12-26 21:04:37,024 接口测试 INFO https://cnodejs.org/api/v1/topics 本次请求没有参数
2019-12-26 21:04:38,588 接口测试 INFO https://cnodejs.org/api/v1/topic/5433d5e4e737cbe96dcef312 本次请求没有参数
2019-12-26 21:04:39,104 接口测试 INFO https://cnodejs.org/api/v1/topic_collect/collect 本次请求没有参数
2019-12-26 21:04:39,678 接口测试 INFO https://cnodejs.org/api/v1/topic_collect/de_collect 本次请求没有参数
2019-12-26 21:04:40,140 接口测试 INFO https://cnodejs.org/api/v1/user/alsotang 本次请求没有参数
2019-12-26 21:04:40,628 接口测试 INFO https://cnodejs.org/api/v1/message/mark_all 本次请求没有参数
2019-12-26 21:04:41,063 接口测试 INFO https://www.v2ex.com/api/site/info.json 本次请求没有参数
2019-12-26 21:04:53,322 接口测试 INFO 正在向 ['1206180814@qq.com'] 发送邮件
2019-12-26 21:05:04,099 接口测试 INFO 邮件发送成功
2019-12-26 21:05:04,101 接口测试 INFO 向 ['1206180814@qq.com'] 发送邮件成功
