2020-04-30 16:26:01,403 接口测试 INFO aaaa
2020-04-30 16:26:01,403 接口测试 WARNING aaaa
2020-04-30 16:26:05,176 接口测试 INFO aaaa
2020-04-30 16:26:05,177 接口测试 WARNING aaaa
2020-04-30 16:26:06,218 接口测试 INFO aaaa
2020-04-30 16:26:06,218 接口测试 WARNING aaaa
2020-04-30 16:26:43,509 接口测试 INFO aaaa
2020-04-30 16:26:43,509 接口测试 INFO aaaa
2020-04-30 16:26:43,510 接口测试 WARNING aaaa
2020-04-30 16:26:43,510 接口测试 WARNING aaaa
2020-04-30 16:26:43,510 接口测试 WARNING aaaa
2020-04-30 16:27:59,616 接口测试 INFO aaaa
2020-04-30 16:27:59,616 接口测试 WARNING aaaa
2020-04-30 16:28:10,010 接口测试 INFO aaaa
2020-04-30 16:28:10,010 接口测试 WARNING aaaa
2020-04-30 16:29:21,166 接口测试 INFO aaaa
2020-04-30 16:29:21,166 接口测试 WARNING aaaa
2020-04-30 16:29:21,166 接口测试 ERROR bbbbbbbb
2020-04-30 16:32:28,472 接口测试 ERROR email send error: (535, b'Login Fail. Please enter your authorization code to login. More information in http://service.mail.qq.com/cgi-bin/help?subtype=1&&id=28&&no=1001256')
2020-04-30 16:38:26,156 接口测试 INFO 读取Excel 成功，数据已返回
2020-04-30 16:38:26,409 接口测试 INFO 正在生成测试报告.....
2020-04-30 16:38:29,709 接口测试 INFO 生成测试报告成功.....
2020-04-30 16:38:29,709 接口测试 INFO 正在打包测试报告.....
2020-04-30 16:38:29,874 接口测试 INFO 打包测试报告完成.....
2020-04-30 16:38:32,223 接口测试 INFO 邮件发送成功
2020-04-30 16:39:13,771 接口测试 INFO 读取Excel 成功，数据已返回
2020-04-30 16:39:14,052 接口测试 INFO 正在生成测试报告.....
2020-04-30 16:39:17,388 接口测试 INFO 生成测试报告成功.....
2020-04-30 16:39:17,388 接口测试 INFO 正在打包测试报告.....
2020-04-30 16:39:17,565 接口测试 INFO 打包测试报告完成.....
2020-04-30 16:39:19,739 接口测试 INFO 邮件发送成功
2020-04-30 16:40:23,126 接口测试 INFO 读取Excel 成功，数据已返回
2020-04-30 16:40:23,140 接口测试 INFO 正在进行断言.....
2020-04-30 16:40:23,140 接口测试 INFO 正在向 http://www.neeo.cc:6002/pinter/bank/api/login2 发送请求，{'case_num': 'neeo_001', 'title': 'token_登录', 'url': 'http://www.neeo.cc:6002/pinter/bank/api/login2', 'method': 'post', 'params': '', 'data': '{"userName": "admin", "password": "1234"}', 'json': '', 'cookies': '', 'headers': '', 'except': '{"code": "2", "message": "success"}'}
2020-04-30 16:40:23,213 接口测试 INFO 正在进行断言.....
2020-04-30 16:40:23,213 接口测试 INFO 正在向 http://www.neeo.cc:6002/pinter/bank/api/query2 发送请求，{'case_num': 'neeo_002', 'title': 'token_查询余额', 'url': 'http://www.neeo.cc:6002/pinter/bank/api/query2', 'method': 'get', 'params': '{"userName": "admin"}', 'data': '', 'json': '', 'cookies': '', 'headers': '{"testfan-token": "${neeo_001>response_json>data}$"}', 'except': '{"code": "0", "message": "success"}'}
2020-04-30 16:40:23,243 接口测试 INFO 完成断言，{'code': '0', 'message': 'success'}
2020-04-30 16:40:23,253 接口测试 INFO 正在进行断言.....
2020-04-30 16:40:23,254 接口测试 INFO 正在向 http://www.neeo.cc:6002/pinter/bank/api/login 发送请求，{'case_num': 'neeo_003', 'title': 'cookies_登录', 'url': 'http://www.neeo.cc:6002/pinter/bank/api/login', 'method': 'post', 'params': '', 'data': '{"userName": "admin", "password": "1234"}', 'json': '', 'cookies': '', 'headers': '', 'except': '{"code": "0", "message": "success"}'}
2020-04-30 16:40:23,273 接口测试 INFO 完成断言，{'code': '0', 'message': 'success'}
2020-04-30 16:40:23,277 接口测试 INFO 正在进行断言.....
2020-04-30 16:40:23,278 接口测试 INFO 正在向 http://www.neeo.cc:6002/pinter/bank/api/query 发送请求，{'case_num': 'neeo_004', 'title': 'cookies_查询余额', 'url': 'http://www.neeo.cc:6002/pinter/bank/api/query', 'method': 'get', 'params': '{"userName": "admin"}', 'data': '', 'json': '', 'cookies': 'neeo_003', 'headers': '', 'except': '{"code": "0", "message": "success1"}'}
2020-04-30 16:40:23,310 接口测试 INFO 正在进行断言.....
2020-04-30 16:40:23,310 接口测试 INFO 正在向 http://www.neeo.cc:6002/pinter/com/buy 发送请求，{'case_num': 'neeo_005', 'title': '下单接口', 'url': 'http://www.neeo.cc:6002/pinter/com/buy', 'method': 'post', 'params': '', 'data': '{"param":{"skuId":123,"num":10}}', 'json': '', 'cookies': '', 'headers': '', 'except': '{"code": "0", "message": "success"}'}
2020-04-30 16:40:23,358 接口测试 INFO 完成断言，{'code': '0', 'message': 'success'}
2020-04-30 16:40:23,363 接口测试 INFO 正在进行断言.....
2020-04-30 16:40:23,363 接口测试 INFO 正在向 http://www.neeo.cc:6002/pinter/com/getSku 发送请求，{'case_num': 'neeo_006', 'title': '查询库存', 'url': 'http://www.neeo.cc:6002/pinter/com/getSku', 'method': 'get', 'params': '{"id":1}', 'data': '', 'json': '', 'cookies': '', 'headers': '', 'except': '{"code": "0", "message": "success"}'}
2020-04-30 16:40:23,382 接口测试 INFO 完成断言，{'code': '0', 'message': 'success'}
2020-04-30 16:40:23,387 接口测试 INFO 正在进行断言.....
2020-04-30 16:40:23,387 接口测试 INFO 正在向 http://www.neeo.cc:6002/pinter/com/login 发送请求，{'case_num': 'neeo_007', 'title': '普通登录', 'url': 'http://www.neeo.cc:6002/pinter/com/login', 'method': 'post', 'params': '', 'data': '{"userName": "${neeo_002>request_params>userName}$", "password": "${neeo_003>request_data>password}$"}', 'json': '', 'cookies': '', 'headers': '', 'except': '{"code": "1", "message": "success"}'}
2020-04-30 16:40:23,433 接口测试 INFO 正在生成测试报告.....
2020-04-30 16:40:27,929 接口测试 INFO 生成测试报告成功.....
2020-04-30 16:40:27,929 接口测试 INFO 正在打包测试报告.....
2020-04-30 16:40:28,157 接口测试 INFO 打包测试报告完成.....
2020-04-30 16:43:59,918 接口测试 INFO 读取Excel 成功，数据已返回
2020-04-30 16:43:59,924 接口测试 INFO 正在进行断言.....
2020-04-30 16:43:59,924 接口测试 INFO 正在向 http://www.neeo.cc:6002/pinter/bank/api/login2 发送请求，{'case_num': 'neeo_001', 'title': 'token_登录', 'url': 'http://www.neeo.cc:6002/pinter/bank/api/login2', 'method': 'post', 'params': '', 'data': '{"userName": "admin", "password": "1234"}', 'json': '', 'cookies': '', 'headers': '', 'except': '{"code": "2", "message": "success"}'}
2020-04-30 16:44:00,021 接口测试 INFO 正在进行断言.....
2020-04-30 16:44:00,021 接口测试 INFO 正在向 http://www.neeo.cc:6002/pinter/bank/api/query2 发送请求，{'case_num': 'neeo_002', 'title': 'token_查询余额', 'url': 'http://www.neeo.cc:6002/pinter/bank/api/query2', 'method': 'get', 'params': '{"userName": "admin"}', 'data': '', 'json': '', 'cookies': '', 'headers': '{"testfan-token": "${neeo_001>response_json>data}$"}', 'except': '{"code": "0", "message": "success"}'}
2020-04-30 16:44:00,050 接口测试 INFO 完成断言，{'code': '0', 'message': 'success'}
2020-04-30 16:44:00,059 接口测试 INFO 正在进行断言.....
2020-04-30 16:44:00,059 接口测试 INFO 正在向 http://www.neeo.cc:6002/pinter/bank/api/login 发送请求，{'case_num': 'neeo_003', 'title': 'cookies_登录', 'url': 'http://www.neeo.cc:6002/pinter/bank/api/login', 'method': 'post', 'params': '', 'data': '{"userName": "admin", "password": "1234"}', 'json': '', 'cookies': '', 'headers': '', 'except': '{"code": "0", "message": "success"}'}
2020-04-30 16:44:00,076 接口测试 INFO 完成断言，{'code': '0', 'message': 'success'}
2020-04-30 16:44:00,080 接口测试 INFO 正在进行断言.....
2020-04-30 16:44:00,080 接口测试 INFO 正在向 http://www.neeo.cc:6002/pinter/bank/api/query 发送请求，{'case_num': 'neeo_004', 'title': 'cookies_查询余额', 'url': 'http://www.neeo.cc:6002/pinter/bank/api/query', 'method': 'get', 'params': '{"userName": "admin"}', 'data': '', 'json': '', 'cookies': 'neeo_003', 'headers': '', 'except': '{"code": "0", "message": "success1"}'}
2020-04-30 16:44:00,103 接口测试 INFO 正在进行断言.....
2020-04-30 16:44:00,103 接口测试 INFO 正在向 http://www.neeo.cc:6002/pinter/com/buy 发送请求，{'case_num': 'neeo_005', 'title': '下单接口', 'url': 'http://www.neeo.cc:6002/pinter/com/buy', 'method': 'post', 'params': '', 'data': '{"param":{"skuId":123,"num":10}}', 'json': '', 'cookies': '', 'headers': '', 'except': '{"code": "0", "message": "success"}'}
2020-04-30 16:44:00,139 接口测试 INFO 完成断言，{'code': '0', 'message': 'success'}
2020-04-30 16:44:00,144 接口测试 INFO 正在进行断言.....
2020-04-30 16:44:00,144 接口测试 INFO 正在向 http://www.neeo.cc:6002/pinter/com/getSku 发送请求，{'case_num': 'neeo_006', 'title': '查询库存', 'url': 'http://www.neeo.cc:6002/pinter/com/getSku', 'method': 'get', 'params': '{"id":1}', 'data': '', 'json': '', 'cookies': '', 'headers': '', 'except': '{"code": "0", "message": "success"}'}
2020-04-30 16:44:00,160 接口测试 INFO 完成断言，{'code': '0', 'message': 'success'}
2020-04-30 16:44:00,164 接口测试 INFO 正在进行断言.....
2020-04-30 16:44:00,164 接口测试 INFO 正在向 http://www.neeo.cc:6002/pinter/com/login 发送请求，{'case_num': 'neeo_007', 'title': '普通登录', 'url': 'http://www.neeo.cc:6002/pinter/com/login', 'method': 'post', 'params': '', 'data': '{"userName": "${neeo_002>request_params>userName}$", "password": "${neeo_003>request_data>password}$"}', 'json': '', 'cookies': '', 'headers': '', 'except': '{"code": "1", "message": "success"}'}
2020-04-30 16:44:00,203 接口测试 INFO 正在生成测试报告.....
2020-04-30 16:44:03,697 接口测试 INFO 生成测试报告成功.....
2020-04-30 16:44:03,698 接口测试 INFO 正在打包测试报告.....
2020-04-30 16:44:03,863 接口测试 INFO 打包测试报告完成.....
2020-04-30 16:46:52,504 接口测试 INFO 读取Excel 成功，数据已返回
2020-04-30 16:46:52,515 接口测试 INFO 正在进行断言.....
2020-04-30 16:46:52,515 接口测试 INFO 正在向 http://www.neeo.cc:6002/pinter/bank/api/login2 发送请求，{'case_num': 'neeo_001', 'title': 'token_登录', 'url': 'http://www.neeo.cc:6002/pinter/bank/api/login2', 'method': 'post', 'params': '', 'data': '{"userName": "admin", "password": "1234"}', 'json': '', 'cookies': '', 'headers': '', 'except': '{"code": "2", "message": "success"}'}
2020-04-30 16:46:52,600 接口测试 INFO 正在进行断言.....
2020-04-30 16:46:52,600 接口测试 INFO 正在向 http://www.neeo.cc:6002/pinter/bank/api/query2 发送请求，{'case_num': 'neeo_002', 'title': 'token_查询余额', 'url': 'http://www.neeo.cc:6002/pinter/bank/api/query2', 'method': 'get', 'params': '{"userName": "admin"}', 'data': '', 'json': '', 'cookies': '', 'headers': '{"testfan-token": "${neeo_001>response_json>data}$"}', 'except': '{"code": "0", "message": "success"}'}
2020-04-30 16:46:52,637 接口测试 INFO 完成断言，{'code': '0', 'message': 'success'}
2020-04-30 16:46:52,648 接口测试 INFO 正在进行断言.....
2020-04-30 16:46:52,648 接口测试 INFO 正在向 http://www.neeo.cc:6002/pinter/bank/api/login 发送请求，{'case_num': 'neeo_003', 'title': 'cookies_登录', 'url': 'http://www.neeo.cc:6002/pinter/bank/api/login', 'method': 'post', 'params': '', 'data': '{"userName": "admin", "password": "1234"}', 'json': '', 'cookies': '', 'headers': '', 'except': '{"code": "0", "message": "success"}'}
2020-04-30 16:46:52,666 接口测试 INFO 完成断言，{'code': '0', 'message': 'success'}
2020-04-30 16:46:52,672 接口测试 INFO 正在进行断言.....
2020-04-30 16:46:52,672 接口测试 INFO 正在向 http://www.neeo.cc:6002/pinter/bank/api/query 发送请求，{'case_num': 'neeo_004', 'title': 'cookies_查询余额', 'url': 'http://www.neeo.cc:6002/pinter/bank/api/query', 'method': 'get', 'params': '{"userName": "admin"}', 'data': '', 'json': '', 'cookies': 'neeo_003', 'headers': '', 'except': '{"code": "0", "message": "success1"}'}
2020-04-30 16:46:52,700 接口测试 INFO 正在进行断言.....
2020-04-30 16:46:52,700 接口测试 INFO 正在向 http://www.neeo.cc:6002/pinter/com/buy 发送请求，{'case_num': 'neeo_005', 'title': '下单接口', 'url': 'http://www.neeo.cc:6002/pinter/com/buy', 'method': 'post', 'params': '', 'data': '{"param":{"skuId":123,"num":10}}', 'json': '', 'cookies': '', 'headers': '', 'except': '{"code": "0", "message": "success"}'}
2020-04-30 16:46:52,736 接口测试 INFO 完成断言，{'code': '0', 'message': 'success'}
2020-04-30 16:46:52,743 接口测试 INFO 正在进行断言.....
2020-04-30 16:46:52,743 接口测试 INFO 正在向 http://www.neeo.cc:6002/pinter/com/getSku 发送请求，{'case_num': 'neeo_006', 'title': '查询库存', 'url': 'http://www.neeo.cc:6002/pinter/com/getSku', 'method': 'get', 'params': '{"id":1}', 'data': '', 'json': '', 'cookies': '', 'headers': '', 'except': '{"code": "0", "message": "success"}'}
2020-04-30 16:46:52,760 接口测试 INFO 完成断言，{'code': '0', 'message': 'success'}
2020-04-30 16:46:52,765 接口测试 INFO 正在进行断言.....
2020-04-30 16:46:52,766 接口测试 INFO 正在向 http://www.neeo.cc:6002/pinter/com/login 发送请求，{'case_num': 'neeo_007', 'title': '普通登录', 'url': 'http://www.neeo.cc:6002/pinter/com/login', 'method': 'post', 'params': '', 'data': '{"userName": "${neeo_002>request_params>userName}$", "password": "${neeo_003>request_data>password}$"}', 'json': '', 'cookies': '', 'headers': '', 'except': '{"code": "1", "message": "success"}'}
2020-04-30 16:46:52,812 接口测试 INFO 正在生成测试报告.....
2020-04-30 16:46:57,270 接口测试 INFO 生成测试报告成功.....
2020-04-30 16:46:57,271 接口测试 INFO 正在打包测试报告.....
2020-04-30 16:46:57,488 接口测试 INFO 打包测试报告完成.....
2020-04-30 16:47:37,264 接口测试 INFO 读取Excel 成功，数据已返回
2020-04-30 16:47:37,274 接口测试 INFO 正在进行断言.....
2020-04-30 16:47:37,274 接口测试 INFO 正在向 http://www.neeo.cc:6002/pinter/bank/api/login2 发送请求，{'case_num': 'neeo_001', 'title': 'token_登录', 'url': 'http://www.neeo.cc:6002/pinter/bank/api/login2', 'method': 'post', 'params': '', 'data': '{"userName": "admin", "password": "1234"}', 'json': '', 'cookies': '', 'headers': '', 'except': '{"code": "2", "message": "success"}'}
2020-04-30 16:47:37,352 接口测试 INFO 正在进行断言.....
2020-04-30 16:47:37,352 接口测试 INFO 正在向 http://www.neeo.cc:6002/pinter/bank/api/query2 发送请求，{'case_num': 'neeo_002', 'title': 'token_查询余额', 'url': 'http://www.neeo.cc:6002/pinter/bank/api/query2', 'method': 'get', 'params': '{"userName": "admin"}', 'data': '', 'json': '', 'cookies': '', 'headers': '{"testfan-token": "${neeo_001>response_json>data}$"}', 'except': '{"code": "0", "message": "success"}'}
2020-04-30 16:47:37,387 接口测试 INFO 完成断言，{'code': '0', 'message': 'success'}
2020-04-30 16:47:37,401 接口测试 INFO 正在进行断言.....
2020-04-30 16:47:37,402 接口测试 INFO 正在向 http://www.neeo.cc:6002/pinter/bank/api/login 发送请求，{'case_num': 'neeo_003', 'title': 'cookies_登录', 'url': 'http://www.neeo.cc:6002/pinter/bank/api/login', 'method': 'post', 'params': '', 'data': '{"userName": "admin", "password": "1234"}', 'json': '', 'cookies': '', 'headers': '', 'except': '{"code": "0", "message": "success"}'}
2020-04-30 16:47:37,420 接口测试 INFO 完成断言，{'code': '0', 'message': 'success'}
2020-04-30 16:47:37,425 接口测试 INFO 正在进行断言.....
2020-04-30 16:47:37,426 接口测试 INFO 正在向 http://www.neeo.cc:6002/pinter/bank/api/query 发送请求，{'case_num': 'neeo_004', 'title': 'cookies_查询余额', 'url': 'http://www.neeo.cc:6002/pinter/bank/api/query', 'method': 'get', 'params': '{"userName": "admin"}', 'data': '', 'json': '', 'cookies': 'neeo_003', 'headers': '', 'except': '{"code": "0", "message": "success1"}'}
2020-04-30 16:47:37,452 接口测试 INFO 正在进行断言.....
2020-04-30 16:47:37,453 接口测试 INFO 正在向 http://www.neeo.cc:6002/pinter/com/buy 发送请求，{'case_num': 'neeo_005', 'title': '下单接口', 'url': 'http://www.neeo.cc:6002/pinter/com/buy', 'method': 'post', 'params': '', 'data': '{"param":{"skuId":123,"num":10}}', 'json': '', 'cookies': '', 'headers': '', 'except': '{"code": "0", "message": "success"}'}
2020-04-30 16:47:37,489 接口测试 INFO 完成断言，{'code': '0', 'message': 'success'}
2020-04-30 16:47:37,497 接口测试 INFO 正在进行断言.....
2020-04-30 16:47:37,497 接口测试 INFO 正在向 http://www.neeo.cc:6002/pinter/com/getSku 发送请求，{'case_num': 'neeo_006', 'title': '查询库存', 'url': 'http://www.neeo.cc:6002/pinter/com/getSku', 'method': 'get', 'params': '{"id":1}', 'data': '', 'json': '', 'cookies': '', 'headers': '', 'except': '{"code": "0", "message": "success"}'}
2020-04-30 16:47:37,515 接口测试 INFO 完成断言，{'code': '0', 'message': 'success'}
2020-04-30 16:47:37,520 接口测试 INFO 正在进行断言.....
2020-04-30 16:47:37,520 接口测试 INFO 正在向 http://www.neeo.cc:6002/pinter/com/login 发送请求，{'case_num': 'neeo_007', 'title': '普通登录', 'url': 'http://www.neeo.cc:6002/pinter/com/login', 'method': 'post', 'params': '', 'data': '{"userName": "${neeo_002>request_params>userName}$", "password": "${neeo_003>request_data>password}$"}', 'json': '', 'cookies': '', 'headers': '', 'except': '{"code": "1", "message": "success"}'}
2020-04-30 16:47:37,570 接口测试 INFO 正在生成测试报告.....
2020-04-30 16:47:41,474 接口测试 INFO 生成测试报告成功.....
2020-04-30 16:47:41,474 接口测试 INFO 正在打包测试报告.....
2020-04-30 16:47:41,629 接口测试 INFO 打包测试报告完成.....
2020-04-30 16:50:09,213 接口测试 INFO 读取Excel 成功，数据已返回
2020-04-30 16:50:09,223 接口测试 INFO 正在进行断言.....
2020-04-30 16:50:09,224 接口测试 INFO 正在向 http://www.neeo.cc:6002/pinter/bank/api/login2 发送请求，{'case_num': 'neeo_001', 'title': 'token_登录', 'url': 'http://www.neeo.cc:6002/pinter/bank/api/login2', 'method': 'post', 'params': '', 'data': '{"userName": "admin", "password": "1234"}', 'json': '', 'cookies': '', 'headers': '', 'except': '{"code": "2", "message": "success"}'}
2020-04-30 16:50:09,327 接口测试 INFO 正在进行断言.....
2020-04-30 16:50:09,327 接口测试 INFO 正在向 http://www.neeo.cc:6002/pinter/bank/api/query2 发送请求，{'case_num': 'neeo_002', 'title': 'token_查询余额', 'url': 'http://www.neeo.cc:6002/pinter/bank/api/query2', 'method': 'get', 'params': '{"userName": "admin"}', 'data': '', 'json': '', 'cookies': '', 'headers': '{"testfan-token": "${neeo_001>response_json>data}$"}', 'except': '{"code": "0", "message": "success"}'}
2020-04-30 16:50:09,361 接口测试 INFO 完成断言，{'code': '0', 'message': 'success'}
2020-04-30 16:50:09,370 接口测试 INFO 正在进行断言.....
2020-04-30 16:50:09,370 接口测试 INFO 正在向 http://www.neeo.cc:6002/pinter/bank/api/login 发送请求，{'case_num': 'neeo_003', 'title': 'cookies_登录', 'url': 'http://www.neeo.cc:6002/pinter/bank/api/login', 'method': 'post', 'params': '', 'data': '{"userName": "admin", "password": "1234"}', 'json': '', 'cookies': '', 'headers': '', 'except': '{"code": "0", "message": "success"}'}
2020-04-30 16:50:09,385 接口测试 INFO 完成断言，{'code': '0', 'message': 'success'}
2020-04-30 16:50:09,391 接口测试 INFO 正在进行断言.....
2020-04-30 16:50:09,391 接口测试 INFO 正在向 http://www.neeo.cc:6002/pinter/bank/api/query 发送请求，{'case_num': 'neeo_004', 'title': 'cookies_查询余额', 'url': 'http://www.neeo.cc:6002/pinter/bank/api/query', 'method': 'get', 'params': '{"userName": "admin"}', 'data': '', 'json': '', 'cookies': 'neeo_003', 'headers': '', 'except': '{"code": "0", "message": "success1"}'}
2020-04-30 16:50:09,415 接口测试 INFO 正在进行断言.....
2020-04-30 16:50:09,415 接口测试 INFO 正在向 http://www.neeo.cc:6002/pinter/com/buy 发送请求，{'case_num': 'neeo_005', 'title': '下单接口', 'url': 'http://www.neeo.cc:6002/pinter/com/buy', 'method': 'post', 'params': '', 'data': '{"param":{"skuId":123,"num":10}}', 'json': '', 'cookies': '', 'headers': '', 'except': '{"code": "0", "message": "success"}'}
2020-04-30 16:50:09,474 接口测试 INFO 完成断言，{'code': '0', 'message': 'success'}
2020-04-30 16:50:09,478 接口测试 INFO 正在进行断言.....
2020-04-30 16:50:09,478 接口测试 INFO 正在向 http://www.neeo.cc:6002/pinter/com/getSku 发送请求，{'case_num': 'neeo_006', 'title': '查询库存', 'url': 'http://www.neeo.cc:6002/pinter/com/getSku', 'method': 'get', 'params': '{"id":1}', 'data': '', 'json': '', 'cookies': '', 'headers': '', 'except': '{"code": "0", "message": "success"}'}
2020-04-30 16:50:09,513 接口测试 INFO 完成断言，{'code': '0', 'message': 'success'}
2020-04-30 16:50:09,518 接口测试 INFO 正在进行断言.....
2020-04-30 16:50:09,518 接口测试 INFO 正在向 http://www.neeo.cc:6002/pinter/com/login 发送请求，{'case_num': 'neeo_007', 'title': '普通登录', 'url': 'http://www.neeo.cc:6002/pinter/com/login', 'method': 'post', 'params': '', 'data': '{"userName": "${neeo_002>request_params>userName}$", "password": "${neeo_003>request_data>password}$"}', 'json': '', 'cookies': '', 'headers': '', 'except': '{"code": "1", "message": "success"}'}
2020-04-30 16:50:09,563 接口测试 INFO 正在生成测试报告.....
2020-04-30 16:50:13,357 接口测试 INFO 生成测试报告成功.....
2020-04-30 16:50:13,358 接口测试 INFO 正在打包测试报告.....
2020-04-30 16:50:13,521 接口测试 INFO 打包测试报告完成.....
2020-04-30 16:50:54,010 接口测试 INFO 读取Excel 成功，数据已返回
2020-04-30 16:50:54,020 接口测试 INFO 正在进行断言.....
2020-04-30 16:50:54,020 接口测试 INFO 正在向 http://www.neeo.cc:6002/pinter/bank/api/login2 发送请求，{'case_num': 'neeo_001', 'title': 'token_登录', 'url': 'http://www.neeo.cc:6002/pinter/bank/api/login2', 'method': 'post', 'params': '', 'data': '{"userName": "admin", "password": "1234"}', 'json': '', 'cookies': '', 'headers': '', 'except': '{"code": "2", "message": "success"}'}
2020-04-30 16:50:54,086 接口测试 INFO 正在进行断言.....
2020-04-30 16:50:54,086 接口测试 INFO 正在向 http://www.neeo.cc:6002/pinter/bank/api/query2 发送请求，{'case_num': 'neeo_002', 'title': 'token_查询余额', 'url': 'http://www.neeo.cc:6002/pinter/bank/api/query2', 'method': 'get', 'params': '{"userName": "admin"}', 'data': '', 'json': '', 'cookies': '', 'headers': '{"testfan-token": "${neeo_001>response_json>data}$"}', 'except': '{"code": "0", "message": "success"}'}
2020-04-30 16:50:54,118 接口测试 INFO 完成断言，{'code': '0', 'message': 'success'}
2020-04-30 16:50:54,128 接口测试 INFO 正在进行断言.....
2020-04-30 16:50:54,128 接口测试 INFO 正在向 http://www.neeo.cc:6002/pinter/bank/api/login 发送请求，{'case_num': 'neeo_003', 'title': 'cookies_登录', 'url': 'http://www.neeo.cc:6002/pinter/bank/api/login', 'method': 'post', 'params': '', 'data': '{"userName": "admin", "password": "1234"}', 'json': '', 'cookies': '', 'headers': '', 'except': '{"code": "0", "message": "success"}'}
2020-04-30 16:50:54,170 接口测试 INFO 完成断言，{'code': '0', 'message': 'success'}
2020-04-30 16:50:54,174 接口测试 INFO 正在进行断言.....
2020-04-30 16:50:54,174 接口测试 INFO 正在向 http://www.neeo.cc:6002/pinter/bank/api/query 发送请求，{'case_num': 'neeo_004', 'title': 'cookies_查询余额', 'url': 'http://www.neeo.cc:6002/pinter/bank/api/query', 'method': 'get', 'params': '{"userName": "admin"}', 'data': '', 'json': '', 'cookies': 'neeo_003', 'headers': '', 'except': '{"code": "0", "message": "success1"}'}
2020-04-30 16:50:54,198 接口测试 INFO 正在进行断言.....
2020-04-30 16:50:54,198 接口测试 INFO 正在向 http://www.neeo.cc:6002/pinter/com/buy 发送请求，{'case_num': 'neeo_005', 'title': '下单接口', 'url': 'http://www.neeo.cc:6002/pinter/com/buy', 'method': 'post', 'params': '', 'data': '{"param":{"skuId":123,"num":10}}', 'json': '', 'cookies': '', 'headers': '', 'except': '{"code": "0", "message": "success"}'}
2020-04-30 16:50:54,243 接口测试 INFO 完成断言，{'code': '0', 'message': 'success'}
2020-04-30 16:50:54,250 接口测试 INFO 正在进行断言.....
2020-04-30 16:50:54,250 接口测试 INFO 正在向 http://www.neeo.cc:6002/pinter/com/getSku 发送请求，{'case_num': 'neeo_006', 'title': '查询库存', 'url': 'http://www.neeo.cc:6002/pinter/com/getSku', 'method': 'get', 'params': '{"id":1}', 'data': '', 'json': '', 'cookies': '', 'headers': '', 'except': '{"code": "0", "message": "success"}'}
2020-04-30 16:50:54,273 接口测试 INFO 完成断言，{'code': '0', 'message': 'success'}
2020-04-30 16:50:54,277 接口测试 INFO 正在进行断言.....
2020-04-30 16:50:54,278 接口测试 INFO 正在向 http://www.neeo.cc:6002/pinter/com/login 发送请求，{'case_num': 'neeo_007', 'title': '普通登录', 'url': 'http://www.neeo.cc:6002/pinter/com/login', 'method': 'post', 'params': '', 'data': '{"userName": "${neeo_002>request_params>userName}$", "password": "${neeo_003>request_data>password}$"}', 'json': '', 'cookies': '', 'headers': '', 'except': '{"code": "1", "message": "success"}'}
2020-04-30 16:50:54,319 接口测试 INFO 正在生成测试报告.....
2020-04-30 16:50:58,093 接口测试 INFO 生成测试报告成功.....
2020-04-30 16:50:58,093 接口测试 INFO 正在打包测试报告.....
2020-04-30 16:50:58,269 接口测试 INFO 打包测试报告完成.....
2020-04-30 16:53:34,091 接口测试 INFO 读取Excel 成功，数据已返回
2020-04-30 16:53:34,101 接口测试 INFO 正在进行断言.....
2020-04-30 16:53:34,101 接口测试 INFO 正在向 http://www.neeo.cc:6002/pinter/bank/api/login2 发送请求，{'case_num': 'neeo_001', 'title': 'token_登录', 'url': 'http://www.neeo.cc:6002/pinter/bank/api/login2', 'method': 'post', 'params': '', 'data': '{"userName": "admin", "password": "1234"}', 'json': '', 'cookies': '', 'headers': '', 'except': '{"code": "2", "message": "success"}'}
2020-04-30 16:53:34,179 接口测试 INFO 正在进行断言.....
2020-04-30 16:53:34,179 接口测试 INFO 正在向 http://www.neeo.cc:6002/pinter/bank/api/query2 发送请求，{'case_num': 'neeo_002', 'title': 'token_查询余额', 'url': 'http://www.neeo.cc:6002/pinter/bank/api/query2', 'method': 'get', 'params': '{"userName": "admin"}', 'data': '', 'json': '', 'cookies': '', 'headers': '{"testfan-token": "${neeo_001>response_json>data}$"}', 'except': '{"code": "0", "message": "success"}'}
2020-04-30 16:53:34,209 接口测试 INFO 完成断言，{'code': '0', 'message': 'success'}
2020-04-30 16:53:34,215 接口测试 INFO 正在进行断言.....
2020-04-30 16:53:34,216 接口测试 INFO 正在向 http://www.neeo.cc:6002/pinter/bank/api/login 发送请求，{'case_num': 'neeo_003', 'title': 'cookies_登录', 'url': 'http://www.neeo.cc:6002/pinter/bank/api/login', 'method': 'post', 'params': '', 'data': '{"userName": "admin", "password": "1234"}', 'json': '', 'cookies': '', 'headers': '', 'except': '{"code": "0", "message": "success"}'}
2020-04-30 16:53:34,235 接口测试 INFO 完成断言，{'code': '0', 'message': 'success'}
2020-04-30 16:53:34,239 接口测试 INFO 正在进行断言.....
2020-04-30 16:53:34,239 接口测试 INFO 正在向 http://www.neeo.cc:6002/pinter/bank/api/query 发送请求，{'case_num': 'neeo_004', 'title': 'cookies_查询余额', 'url': 'http://www.neeo.cc:6002/pinter/bank/api/query', 'method': 'get', 'params': '{"userName": "admin"}', 'data': '', 'json': '', 'cookies': 'neeo_003', 'headers': '', 'except': '{"code": "0", "message": "success1"}'}
2020-04-30 16:53:34,273 接口测试 INFO 正在进行断言.....
2020-04-30 16:53:34,273 接口测试 INFO 正在向 http://www.neeo.cc:6002/pinter/com/buy 发送请求，{'case_num': 'neeo_005', 'title': '下单接口', 'url': 'http://www.neeo.cc:6002/pinter/com/buy', 'method': 'post', 'params': '', 'data': '{"param":{"skuId":123,"num":10}}', 'json': '', 'cookies': '', 'headers': '', 'except': '{"code": "0", "message": "success"}'}
2020-04-30 16:53:34,308 接口测试 INFO 完成断言，{'code': '0', 'message': 'success'}
2020-04-30 16:53:34,316 接口测试 INFO 正在进行断言.....
2020-04-30 16:53:34,316 接口测试 INFO 正在向 http://www.neeo.cc:6002/pinter/com/getSku 发送请求，{'case_num': 'neeo_006', 'title': '查询库存', 'url': 'http://www.neeo.cc:6002/pinter/com/getSku', 'method': 'get', 'params': '{"id":1}', 'data': '', 'json': '', 'cookies': '', 'headers': '', 'except': '{"code": "0", "message": "success"}'}
2020-04-30 16:53:34,335 接口测试 INFO 完成断言，{'code': '0', 'message': 'success'}
2020-04-30 16:53:34,342 接口测试 INFO 正在进行断言.....
2020-04-30 16:53:34,342 接口测试 INFO 正在向 http://www.neeo.cc:6002/pinter/com/login 发送请求，{'case_num': 'neeo_007', 'title': '普通登录', 'url': 'http://www.neeo.cc:6002/pinter/com/login', 'method': 'post', 'params': '', 'data': '{"userName": "${neeo_002>request_params>userName}$", "password": "${neeo_003>request_data>password}$"}', 'json': '', 'cookies': '', 'headers': '', 'except': '{"code": "1", "message": "success"}'}
2020-04-30 16:53:34,393 接口测试 INFO 正在生成测试报告.....
2020-04-30 16:53:38,130 接口测试 INFO 生成测试报告成功.....
2020-04-30 16:54:00,065 接口测试 INFO 读取Excel 成功，数据已返回
2020-04-30 16:54:00,075 接口测试 INFO 正在进行断言.....
2020-04-30 16:54:00,075 接口测试 INFO 正在向 http://www.neeo.cc:6002/pinter/bank/api/login2 发送请求，{'case_num': 'neeo_001', 'title': 'token_登录', 'url': 'http://www.neeo.cc:6002/pinter/bank/api/login2', 'method': 'post', 'params': '', 'data': '{"userName": "admin", "password": "1234"}', 'json': '', 'cookies': '', 'headers': '', 'except': '{"code": "2", "message": "success"}'}
2020-04-30 16:54:00,155 接口测试 INFO 正在进行断言.....
2020-04-30 16:54:00,155 接口测试 INFO 正在向 http://www.neeo.cc:6002/pinter/bank/api/query2 发送请求，{'case_num': 'neeo_002', 'title': 'token_查询余额', 'url': 'http://www.neeo.cc:6002/pinter/bank/api/query2', 'method': 'get', 'params': '{"userName": "admin"}', 'data': '', 'json': '', 'cookies': '', 'headers': '{"testfan-token": "${neeo_001>response_json>data}$"}', 'except': '{"code": "0", "message": "success"}'}
2020-04-30 16:54:00,187 接口测试 INFO 完成断言，{'code': '0', 'message': 'success'}
2020-04-30 16:54:00,199 接口测试 INFO 正在进行断言.....
2020-04-30 16:54:00,199 接口测试 INFO 正在向 http://www.neeo.cc:6002/pinter/bank/api/login 发送请求，{'case_num': 'neeo_003', 'title': 'cookies_登录', 'url': 'http://www.neeo.cc:6002/pinter/bank/api/login', 'method': 'post', 'params': '', 'data': '{"userName": "admin", "password": "1234"}', 'json': '', 'cookies': '', 'headers': '', 'except': '{"code": "0", "message": "success"}'}
2020-04-30 16:54:00,215 接口测试 INFO 完成断言，{'code': '0', 'message': 'success'}
2020-04-30 16:54:00,220 接口测试 INFO 正在进行断言.....
2020-04-30 16:54:00,220 接口测试 INFO 正在向 http://www.neeo.cc:6002/pinter/bank/api/query 发送请求，{'case_num': 'neeo_004', 'title': 'cookies_查询余额', 'url': 'http://www.neeo.cc:6002/pinter/bank/api/query', 'method': 'get', 'params': '{"userName": "admin"}', 'data': '', 'json': '', 'cookies': 'neeo_003', 'headers': '', 'except': '{"code": "0", "message": "success1"}'}
2020-04-30 16:54:00,246 接口测试 INFO 正在进行断言.....
2020-04-30 16:54:00,246 接口测试 INFO 正在向 http://www.neeo.cc:6002/pinter/com/buy 发送请求，{'case_num': 'neeo_005', 'title': '下单接口', 'url': 'http://www.neeo.cc:6002/pinter/com/buy', 'method': 'post', 'params': '', 'data': '{"param":{"skuId":123,"num":10}}', 'json': '', 'cookies': '', 'headers': '', 'except': '{"code": "0", "message": "success"}'}
2020-04-30 16:54:00,280 接口测试 INFO 完成断言，{'code': '0', 'message': 'success'}
2020-04-30 16:54:00,285 接口测试 INFO 正在进行断言.....
2020-04-30 16:54:00,285 接口测试 INFO 正在向 http://www.neeo.cc:6002/pinter/com/getSku 发送请求，{'case_num': 'neeo_006', 'title': '查询库存', 'url': 'http://www.neeo.cc:6002/pinter/com/getSku', 'method': 'get', 'params': '{"id":1}', 'data': '', 'json': '', 'cookies': '', 'headers': '', 'except': '{"code": "0", "message": "success"}'}
2020-04-30 16:54:00,301 接口测试 INFO 完成断言，{'code': '0', 'message': 'success'}
2020-04-30 16:54:00,305 接口测试 INFO 正在进行断言.....
2020-04-30 16:54:00,305 接口测试 INFO 正在向 http://www.neeo.cc:6002/pinter/com/login 发送请求，{'case_num': 'neeo_007', 'title': '普通登录', 'url': 'http://www.neeo.cc:6002/pinter/com/login', 'method': 'post', 'params': '', 'data': '{"userName": "${neeo_002>request_params>userName}$", "password": "${neeo_003>request_data>password}$"}', 'json': '', 'cookies': '', 'headers': '', 'except': '{"code": "1", "message": "success"}'}
2020-04-30 16:54:00,341 接口测试 INFO 正在生成测试报告.....
2020-04-30 16:54:04,077 接口测试 INFO 生成测试报告成功.....
2020-04-30 16:54:04,077 接口测试 INFO 正在打包测试报告.....
2020-04-30 16:54:04,265 接口测试 INFO 打包测试报告完成.....
