2020-05-11 17:47:25,856 接口测试 INFO 读取Excel 成功，数据已返回
2020-05-11 17:47:25,863 接口测试 INFO 正在进行断言.....
2020-05-11 17:47:25,863 接口测试 INFO 正在向 http://www.neeo.cc:6002/pinter/bank/api/login2 发送请求，{'case_num': 'neeo_001', 'title': 'token_登录', 'url': 'http://www.neeo.cc:6002/pinter/bank/api/login2', 'method': 'post', 'params': '', 'data': '{"userName": "admin", "password": "1234"}', 'json': '', 'cookies': '', 'headers': '', 'except': '{"code": "2", "message": "success"}'}
2020-05-11 17:47:25,946 接口测试 INFO 正在进行断言.....
2020-05-11 17:47:25,946 接口测试 INFO 正在向 http://www.neeo.cc:6002/pinter/bank/api/query2 发送请求，{'case_num': 'neeo_002', 'title': 'token_查询余额', 'url': 'http://www.neeo.cc:6002/pinter/bank/api/query2', 'method': 'get', 'params': '{"userName": "admin"}', 'data': '', 'json': '', 'cookies': '', 'headers': '{"testfan-token": "${neeo_001>response_json>data}$"}', 'except': '{"code": "0", "message": "success"}'}
2020-05-11 17:47:25,972 接口测试 INFO 完成断言，{'code': '0', 'message': 'success'}
2020-05-11 17:47:25,976 接口测试 INFO 正在进行断言.....
2020-05-11 17:47:25,976 接口测试 INFO 正在向 http://www.neeo.cc:6002/pinter/bank/api/login 发送请求，{'case_num': 'neeo_003', 'title': 'cookies_登录', 'url': 'http://www.neeo.cc:6002/pinter/bank/api/login', 'method': 'post', 'params': '', 'data': '{"userName": "admin", "password": "1234"}', 'json': '', 'cookies': '', 'headers': '', 'except': '{"code": "0", "message": "success"}'}
2020-05-11 17:47:25,992 接口测试 INFO 完成断言，{'code': '0', 'message': 'success'}
2020-05-11 17:47:25,995 接口测试 INFO 正在进行断言.....
2020-05-11 17:47:25,996 接口测试 INFO 正在向 http://www.neeo.cc:6002/pinter/bank/api/query 发送请求，{'case_num': 'neeo_004', 'title': 'cookies_查询余额', 'url': 'http://www.neeo.cc:6002/pinter/bank/api/query', 'method': 'get', 'params': '{"userName": "admin"}', 'data': '', 'json': '', 'cookies': 'neeo_003', 'headers': '', 'except': '{"code": "0", "message": "success1"}'}
2020-05-11 17:47:26,017 接口测试 INFO 正在进行断言.....
2020-05-11 17:47:26,018 接口测试 INFO 正在向 http://www.neeo.cc:6002/pinter/com/buy 发送请求，{'case_num': 'neeo_005', 'title': '下单接口', 'url': 'http://www.neeo.cc:6002/pinter/com/buy', 'method': 'post', 'params': '', 'data': '{"param":{"skuId":123,"num":10}}', 'json': '', 'cookies': '', 'headers': '', 'except': '{"code": "0", "message": "success"}'}
2020-05-11 17:47:26,052 接口测试 INFO 完成断言，{'code': '0', 'message': 'success'}
2020-05-11 17:47:26,056 接口测试 INFO 正在进行断言.....
2020-05-11 17:47:26,056 接口测试 INFO 正在向 http://www.neeo.cc:6002/pinter/com/getSku 发送请求，{'case_num': 'neeo_006', 'title': '查询库存', 'url': 'http://www.neeo.cc:6002/pinter/com/getSku', 'method': 'get', 'params': '{"id":1}', 'data': '', 'json': '', 'cookies': '', 'headers': '', 'except': '{"code": "0", "message": "success"}'}
2020-05-11 17:47:26,072 接口测试 INFO 完成断言，{'code': '0', 'message': 'success'}
2020-05-11 17:47:26,075 接口测试 INFO 正在进行断言.....
2020-05-11 17:47:26,075 接口测试 INFO 正在向 http://www.neeo.cc:6002/pinter/com/login 发送请求，{'case_num': 'neeo_007', 'title': '普通登录', 'url': 'http://www.neeo.cc:6002/pinter/com/login', 'method': 'post', 'params': '', 'data': '{"userName": "${neeo_002>request_params>userName}$", "password": "${neeo_003>request_data>password}$"}', 'json': '', 'cookies': '', 'headers': '', 'except': '{"code": "1", "message": "success"}'}
2020-05-11 17:47:26,104 接口测试 INFO 正在生成测试报告.....
2020-05-11 17:47:28,909 接口测试 INFO 生成测试报告成功.....
2020-05-11 17:47:48,774 接口测试 INFO 读取Excel 成功，数据已返回
2020-05-11 17:47:48,780 接口测试 INFO 正在进行断言.....
2020-05-11 17:47:48,780 接口测试 INFO 正在向 http://www.neeo.cc:6002/pinter/bank/api/login2 发送请求，{'case_num': 'neeo_001', 'title': 'token_登录', 'url': 'http://www.neeo.cc:6002/pinter/bank/api/login2', 'method': 'post', 'params': '', 'data': '{"userName": "admin", "password": "1234"}', 'json': '', 'cookies': '', 'headers': '', 'except': '{"code": "2", "message": "success"}'}
2020-05-11 17:47:48,822 接口测试 INFO 正在进行断言.....
2020-05-11 17:47:48,822 接口测试 INFO 正在向 http://www.neeo.cc:6002/pinter/bank/api/query2 发送请求，{'case_num': 'neeo_002', 'title': 'token_查询余额', 'url': 'http://www.neeo.cc:6002/pinter/bank/api/query2', 'method': 'get', 'params': '{"userName": "admin"}', 'data': '', 'json': '', 'cookies': '', 'headers': '{"testfan-token": "${neeo_001>response_json>data}$"}', 'except': '{"code": "0", "message": "success"}'}
2020-05-11 17:47:48,844 接口测试 INFO 完成断言，{'code': '0', 'message': 'success'}
2020-05-11 17:47:48,852 接口测试 INFO 正在进行断言.....
2020-05-11 17:47:48,852 接口测试 INFO 正在向 http://www.neeo.cc:6002/pinter/bank/api/login 发送请求，{'case_num': 'neeo_003', 'title': 'cookies_登录', 'url': 'http://www.neeo.cc:6002/pinter/bank/api/login', 'method': 'post', 'params': '', 'data': '{"userName": "admin", "password": "1234"}', 'json': '', 'cookies': '', 'headers': '', 'except': '{"code": "0", "message": "success"}'}
2020-05-11 17:47:48,867 接口测试 INFO 完成断言，{'code': '0', 'message': 'success'}
2020-05-11 17:47:48,870 接口测试 INFO 正在进行断言.....
2020-05-11 17:47:48,870 接口测试 INFO 正在向 http://www.neeo.cc:6002/pinter/bank/api/query 发送请求，{'case_num': 'neeo_004', 'title': 'cookies_查询余额', 'url': 'http://www.neeo.cc:6002/pinter/bank/api/query', 'method': 'get', 'params': '{"userName": "admin"}', 'data': '', 'json': '', 'cookies': 'neeo_003', 'headers': '', 'except': '{"code": "0", "message": "success1"}'}
2020-05-11 17:47:48,890 接口测试 INFO 正在进行断言.....
2020-05-11 17:47:48,890 接口测试 INFO 正在向 http://www.neeo.cc:6002/pinter/com/buy 发送请求，{'case_num': 'neeo_005', 'title': '下单接口', 'url': 'http://www.neeo.cc:6002/pinter/com/buy', 'method': 'post', 'params': '', 'data': '{"param":{"skuId":123,"num":10}}', 'json': '', 'cookies': '', 'headers': '', 'except': '{"code": "0", "message": "success"}'}
2020-05-11 17:47:48,925 接口测试 INFO 完成断言，{'code': '0', 'message': 'success'}
2020-05-11 17:47:48,928 接口测试 INFO 正在进行断言.....
2020-05-11 17:47:48,928 接口测试 INFO 正在向 http://www.neeo.cc:6002/pinter/com/getSku 发送请求，{'case_num': 'neeo_006', 'title': '查询库存', 'url': 'http://www.neeo.cc:6002/pinter/com/getSku', 'method': 'get', 'params': '{"id":1}', 'data': '', 'json': '', 'cookies': '', 'headers': '', 'except': '{"code": "0", "message": "success"}'}
2020-05-11 17:47:48,944 接口测试 INFO 完成断言，{'code': '0', 'message': 'success'}
2020-05-11 17:47:48,947 接口测试 INFO 正在进行断言.....
2020-05-11 17:47:48,947 接口测试 INFO 正在向 http://www.neeo.cc:6002/pinter/com/login 发送请求，{'case_num': 'neeo_007', 'title': '普通登录', 'url': 'http://www.neeo.cc:6002/pinter/com/login', 'method': 'post', 'params': '', 'data': '{"userName": "${neeo_002>request_params>userName}$", "password": "${neeo_003>request_data>password}$"}', 'json': '', 'cookies': '', 'headers': '', 'except': '{"code": "1", "message": "success"}'}
2020-05-11 17:47:48,979 接口测试 INFO 正在生成测试报告.....
2020-05-11 17:47:51,339 接口测试 INFO 生成测试报告成功.....
