2020-05-21 08:35:15,845 接口测试 INFO 正在生成测试报告.....
2020-05-21 08:35:18,031 接口测试 INFO 生成测试报告成功.....
2020-05-21 08:40:15,650 接口测试 INFO 读取Excel 成功，数据已返回
2020-05-21 08:40:15,655 接口测试 INFO 正在进行断言.....
2020-05-21 08:40:15,656 接口测试 INFO 正在向 http://www.neeo.cc:6002/pinter/bank/api/login2 发送请求，{'case_num': 'neeo_001', 'title': 'token_登录', 'url': 'http://www.neeo.cc:6002/pinter/bank/api/login2', 'method': 'post', 'params': '', 'data': '{"userName": "admin", "password": "1234"}', 'json': '', 'cookies': '', 'headers': '', 'except': '{"code": "2", "message": "success"}'}
2020-05-21 08:40:21,301 接口测试 INFO 正在进行断言.....
2020-05-21 08:40:21,301 接口测试 INFO 正在向 http://www.neeo.cc:6002/pinter/bank/api/query2 发送请求，{'case_num': 'neeo_002', 'title': 'token_查询余额', 'url': 'http://www.neeo.cc:6002/pinter/bank/api/query2', 'method': 'get', 'params': '{"userName": "admin"}', 'data': '', 'json': '', 'cookies': '', 'headers': '{"testfan-token": "${neeo_001>response_json>data}$"}', 'except': '{"code": "0", "message": "success"}'}
2020-05-21 08:40:21,675 接口测试 INFO 完成断言，{'code': '0', 'message': 'success'}
2020-05-21 08:40:21,683 接口测试 INFO 正在进行断言.....
2020-05-21 08:40:21,683 接口测试 INFO 正在向 http://www.neeo.cc:6002/pinter/bank/api/login 发送请求，{'case_num': 'neeo_003', 'title': 'cookies_登录', 'url': 'http://www.neeo.cc:6002/pinter/bank/api/login', 'method': 'post', 'params': '', 'data': '{"userName": "admin", "password": "1234"}', 'json': '', 'cookies': '', 'headers': '', 'except': '{"code": "0", "message": "success"}'}
2020-05-21 08:40:21,771 接口测试 INFO 完成断言，{'code': '0', 'message': 'success'}
2020-05-21 08:40:21,774 接口测试 INFO 正在进行断言.....
2020-05-21 08:40:21,774 接口测试 INFO 正在向 http://www.neeo.cc:6002/pinter/bank/api/query 发送请求，{'case_num': 'neeo_004', 'title': 'cookies_查询余额', 'url': 'http://www.neeo.cc:6002/pinter/bank/api/query', 'method': 'get', 'params': '{"userName": "admin"}', 'data': '', 'json': '', 'cookies': 'neeo_003', 'headers': '', 'except': '{"code": "0", "message": "success1"}'}
2020-05-21 08:40:21,806 接口测试 INFO 正在进行断言.....
2020-05-21 08:40:21,806 接口测试 INFO 正在向 http://www.neeo.cc:6002/pinter/com/buy 发送请求，{'case_num': 'neeo_005', 'title': '下单接口', 'url': 'http://www.neeo.cc:6002/pinter/com/buy', 'method': 'post', 'params': '', 'data': '{"param":{"skuId":123,"num":10}}', 'json': '', 'cookies': '', 'headers': '', 'except': '{"code": "0", "message": "success"}'}
2020-05-21 08:40:21,843 接口测试 INFO 完成断言，{'code': '0', 'message': 'success'}
2020-05-21 08:40:21,845 接口测试 INFO 正在进行断言.....
2020-05-21 08:40:21,846 接口测试 INFO 正在向 http://www.neeo.cc:6002/pinter/com/getSku 发送请求，{'case_num': 'neeo_006', 'title': '查询库存', 'url': 'http://www.neeo.cc:6002/pinter/com/getSku', 'method': 'get', 'params': '{"id":1}', 'data': '', 'json': '', 'cookies': '', 'headers': '', 'except': '{"code": "0", "message": "success"}'}
2020-05-21 08:40:21,867 接口测试 INFO 完成断言，{'code': '0', 'message': 'success'}
2020-05-21 08:40:21,870 接口测试 INFO 正在进行断言.....
2020-05-21 08:40:21,870 接口测试 INFO 正在向 http://www.neeo.cc:6002/pinter/com/login 发送请求，{'case_num': 'neeo_007', 'title': '普通登录', 'url': 'http://www.neeo.cc:6002/pinter/com/login', 'method': 'post', 'params': '', 'data': '{"userName": "${neeo_002>request_params>userName}$", "password": "${neeo_003>request_data>password}$"}', 'json': '', 'cookies': '', 'headers': '', 'except': '{"code": "1", "message": "success"}'}
2020-05-21 08:40:21,909 接口测试 INFO 正在生成测试报告.....
2020-05-21 08:40:24,259 接口测试 INFO 生成测试报告成功.....
2020-05-21 08:41:24,519 接口测试 INFO 读取Excel 成功，数据已返回
2020-05-21 08:41:24,524 接口测试 INFO 正在进行断言.....
2020-05-21 08:41:24,525 接口测试 INFO 正在向 http://www.neeo.cc:6002/pinter/bank/api/login2 发送请求，{'case_num': 'neeo_001', 'title': 'token_登录', 'url': 'http://www.neeo.cc:6002/pinter/bank/api/login2', 'method': 'post', 'params': '', 'data': '{"userName": "admin", "password": "1234"}', 'json': '', 'cookies': '', 'headers': '', 'except': '{"code": "2", "message": "success"}'}
2020-05-21 08:41:24,918 接口测试 INFO 正在进行断言.....
2020-05-21 08:41:24,918 接口测试 INFO 正在向 http://www.neeo.cc:6002/pinter/bank/api/query2 发送请求，{'case_num': 'neeo_002', 'title': 'token_查询余额', 'url': 'http://www.neeo.cc:6002/pinter/bank/api/query2', 'method': 'get', 'params': '{"userName": "admin"}', 'data': '', 'json': '', 'cookies': '', 'headers': '{"testfan-token": "${neeo_001>response_json>data}$"}', 'except': '{"code": "0", "message": "success"}'}
2020-05-21 08:41:24,943 接口测试 INFO 完成断言，{'code': '0', 'message': 'success'}
2020-05-21 08:41:24,946 接口测试 INFO 正在进行断言.....
2020-05-21 08:41:24,946 接口测试 INFO 正在向 http://www.neeo.cc:6002/pinter/bank/api/login 发送请求，{'case_num': 'neeo_003', 'title': 'cookies_登录', 'url': 'http://www.neeo.cc:6002/pinter/bank/api/login', 'method': 'post', 'params': '', 'data': '{"userName": "admin", "password": "1234"}', 'json': '', 'cookies': '', 'headers': '', 'except': '{"code": "0", "message": "success"}'}
2020-05-21 08:41:24,980 接口测试 INFO 完成断言，{'code': '0', 'message': 'success'}
2020-05-21 08:41:24,982 接口测试 INFO 正在进行断言.....
2020-05-21 08:41:24,983 接口测试 INFO 正在向 http://www.neeo.cc:6002/pinter/bank/api/query 发送请求，{'case_num': 'neeo_004', 'title': 'cookies_查询余额', 'url': 'http://www.neeo.cc:6002/pinter/bank/api/query', 'method': 'get', 'params': '{"userName": "admin"}', 'data': '', 'json': '', 'cookies': 'neeo_003', 'headers': '', 'except': '{"code": "0", "message": "success1"}'}
2020-05-21 08:41:25,003 接口测试 INFO 正在进行断言.....
2020-05-21 08:41:25,003 接口测试 INFO 正在向 http://www.neeo.cc:6002/pinter/com/buy 发送请求，{'case_num': 'neeo_005', 'title': '下单接口', 'url': 'http://www.neeo.cc:6002/pinter/com/buy', 'method': 'post', 'params': '', 'data': '{"param":{"skuId":123,"num":10}}', 'json': '', 'cookies': '', 'headers': '', 'except': '{"code": "0", "message": "success"}'}
2020-05-21 08:41:25,036 接口测试 INFO 完成断言，{'code': '0', 'message': 'success'}
2020-05-21 08:41:25,039 接口测试 INFO 正在进行断言.....
2020-05-21 08:41:25,039 接口测试 INFO 正在向 http://www.neeo.cc:6002/pinter/com/getSku 发送请求，{'case_num': 'neeo_006', 'title': '查询库存', 'url': 'http://www.neeo.cc:6002/pinter/com/getSku', 'method': 'get', 'params': '{"id":1}', 'data': '', 'json': '', 'cookies': '', 'headers': '', 'except': '{"code": "0", "message": "success"}'}
2020-05-21 08:41:25,054 接口测试 INFO 完成断言，{'code': '0', 'message': 'success'}
2020-05-21 08:41:25,057 接口测试 INFO 正在进行断言.....
2020-05-21 08:41:25,057 接口测试 INFO 正在向 http://www.neeo.cc:6002/pinter/com/login 发送请求，{'case_num': 'neeo_007', 'title': '普通登录', 'url': 'http://www.neeo.cc:6002/pinter/com/login', 'method': 'post', 'params': '', 'data': '{"userName": "${neeo_002>request_params>userName}$", "password": "${neeo_003>request_data>password}$"}', 'json': '', 'cookies': '', 'headers': '', 'except': '{"code": "1", "message": "success"}'}
2020-05-21 08:41:25,090 接口测试 INFO 正在生成测试报告.....
2020-05-21 08:41:27,443 接口测试 INFO 生成测试报告成功.....
2020-05-21 08:41:32,220 接口测试 INFO 读取Excel 成功，数据已返回
2020-05-21 08:41:32,225 接口测试 INFO 正在进行断言.....
2020-05-21 08:41:32,225 接口测试 INFO 正在向 http://www.neeo.cc:6002/pinter/bank/api/login2 发送请求，{'case_num': 'neeo_001', 'title': 'token_登录', 'url': 'http://www.neeo.cc:6002/pinter/bank/api/login2', 'method': 'post', 'params': '', 'data': '{"userName": "admin", "password": "1234"}', 'json': '', 'cookies': '', 'headers': '', 'except': '{"code": "2", "message": "success"}'}
2020-05-21 08:41:32,700 接口测试 INFO 正在进行断言.....
2020-05-21 08:41:32,700 接口测试 INFO 正在向 http://www.neeo.cc:6002/pinter/bank/api/query2 发送请求，{'case_num': 'neeo_002', 'title': 'token_查询余额', 'url': 'http://www.neeo.cc:6002/pinter/bank/api/query2', 'method': 'get', 'params': '{"userName": "admin"}', 'data': '', 'json': '', 'cookies': '', 'headers': '{"testfan-token": "${neeo_001>response_json>data}$"}', 'except': '{"code": "0", "message": "success"}'}
2020-05-21 08:41:32,770 接口测试 INFO 完成断言，{'code': '0', 'message': 'success'}
2020-05-21 08:41:32,773 接口测试 INFO 正在进行断言.....
2020-05-21 08:41:32,773 接口测试 INFO 正在向 http://www.neeo.cc:6002/pinter/bank/api/login 发送请求，{'case_num': 'neeo_003', 'title': 'cookies_登录', 'url': 'http://www.neeo.cc:6002/pinter/bank/api/login', 'method': 'post', 'params': '', 'data': '{"userName": "admin", "password": "1234"}', 'json': '', 'cookies': '', 'headers': '', 'except': '{"code": "0", "message": "success"}'}
2020-05-21 08:41:32,789 接口测试 INFO 完成断言，{'code': '0', 'message': 'success'}
2020-05-21 08:41:32,792 接口测试 INFO 正在进行断言.....
2020-05-21 08:41:32,792 接口测试 INFO 正在向 http://www.neeo.cc:6002/pinter/bank/api/query 发送请求，{'case_num': 'neeo_004', 'title': 'cookies_查询余额', 'url': 'http://www.neeo.cc:6002/pinter/bank/api/query', 'method': 'get', 'params': '{"userName": "admin"}', 'data': '', 'json': '', 'cookies': 'neeo_003', 'headers': '', 'except': '{"code": "0", "message": "success1"}'}
2020-05-21 08:41:32,817 接口测试 INFO 正在进行断言.....
2020-05-21 08:41:32,817 接口测试 INFO 正在向 http://www.neeo.cc:6002/pinter/com/buy 发送请求，{'case_num': 'neeo_005', 'title': '下单接口', 'url': 'http://www.neeo.cc:6002/pinter/com/buy', 'method': 'post', 'params': '', 'data': '{"param":{"skuId":123,"num":10}}', 'json': '', 'cookies': '', 'headers': '', 'except': '{"code": "0", "message": "success"}'}
2020-05-21 08:41:32,857 接口测试 INFO 完成断言，{'code': '0', 'message': 'success'}
2020-05-21 08:41:32,860 接口测试 INFO 正在进行断言.....
2020-05-21 08:41:32,861 接口测试 INFO 正在向 http://www.neeo.cc:6002/pinter/com/getSku 发送请求，{'case_num': 'neeo_006', 'title': '查询库存', 'url': 'http://www.neeo.cc:6002/pinter/com/getSku', 'method': 'get', 'params': '{"id":1}', 'data': '', 'json': '', 'cookies': '', 'headers': '', 'except': '{"code": "0", "message": "success"}'}
2020-05-21 08:41:32,879 接口测试 INFO 完成断言，{'code': '0', 'message': 'success'}
2020-05-21 08:41:32,883 接口测试 INFO 正在进行断言.....
2020-05-21 08:41:32,884 接口测试 INFO 正在向 http://www.neeo.cc:6002/pinter/com/login 发送请求，{'case_num': 'neeo_007', 'title': '普通登录', 'url': 'http://www.neeo.cc:6002/pinter/com/login', 'method': 'post', 'params': '', 'data': '{"userName": "${neeo_002>request_params>userName}$", "password": "${neeo_003>request_data>password}$"}', 'json': '', 'cookies': '', 'headers': '', 'except': '{"code": "1", "message": "success"}'}
2020-05-21 08:41:32,925 接口测试 INFO 正在生成测试报告.....
2020-05-21 08:41:35,277 接口测试 INFO 生成测试报告成功.....
