2020-02-13 15:54:58,504 接口测试 INFO https://cnodejs.org/api/v1/topics 本次请求没有参数
2020-02-13 15:54:58,504 接口测试 INFO https://cnodejs.org/api/v1/topic/5433d5e4e737cbe96dcef312 本次请求没有参数
2020-02-13 15:54:58,505 接口测试 INFO https://cnodejs.org/api/v1/topic_collect/collect 本次请求没有参数
2020-02-13 15:54:58,505 接口测试 INFO https://cnodejs.org/api/v1/message/mark_all 本次请求没有参数
2020-02-13 15:54:58,505 接口测试 INFO https://cnodejs.org/api/v1/user/alsotang 本次请求没有参数
2020-02-13 15:54:58,505 接口测试 INFO https://cnodejs.org/api/v1/topic_collect/de_collect 本次请求没有参数
2020-02-13 15:54:58,506 接口测试 INFO https://www.v2ex.com/api/site/info.json 本次请求没有参数
2020-02-13 15:54:59,744 接口测试 INFO 正在向 ['1206180814@qq.com'] 发送邮件
2020-02-13 15:55:00,268 接口测试 INFO 正在向 ['1206180814@qq.com'] 发送邮件
2020-02-13 15:55:01,210 接口测试 INFO 正在向 ['1206180814@qq.com'] 发送邮件
2020-02-13 15:55:02,977 接口测试 INFO 正在向 ['1206180814@qq.com'] 发送邮件
2020-02-13 15:55:04,749 接口测试 INFO 正在向 ['1206180814@qq.com'] 发送邮件
2020-02-13 15:55:09,096 接口测试 INFO 邮件发送成功
2020-02-13 15:55:09,096 接口测试 INFO 向 ['1206180814@qq.com'] 发送邮件成功
2020-02-13 15:55:09,333 接口测试 INFO 邮件发送成功
2020-02-13 15:55:09,334 接口测试 INFO 向 ['1206180814@qq.com'] 发送邮件成功
2020-02-13 15:55:10,645 接口测试 INFO 邮件发送成功
2020-02-13 15:55:10,646 接口测试 INFO 向 ['1206180814@qq.com'] 发送邮件成功
2020-02-13 15:55:11,331 接口测试 INFO 邮件发送成功
2020-02-13 15:55:11,332 接口测试 INFO 向 ['1206180814@qq.com'] 发送邮件成功
2020-02-13 15:55:12,199 接口测试 INFO 邮件发送成功
2020-02-13 15:55:12,199 接口测试 INFO 向 ['1206180814@qq.com'] 发送邮件成功
2020-02-13 15:55:29,051 接口测试 INFO 正在向 ['1206180814@qq.com'] 发送邮件
2020-02-13 15:55:31,929 接口测试 INFO 邮件发送成功
2020-02-13 15:55:31,930 接口测试 INFO 向 ['1206180814@qq.com'] 发送邮件成功
