2020-05-20 16:18:42,730 接口测试 INFO 读取Excel 成功，数据已返回
2020-05-20 16:18:42,735 接口测试 INFO 正在进行断言.....
2020-05-20 16:18:42,735 接口测试 INFO 正在向 http://www.neeo.cc:6002/pinter/bank/api/login2 发送请求，{'case_num': 'neeo_001', 'title': 'token_登录', 'url': 'http://www.neeo.cc:6002/pinter/bank/api/login2', 'method': 'post', 'params': '', 'data': '{"userName": "admin", "password": "1234"}', 'json': '', 'cookies': '', 'headers': '', 'except': '{"code": "2", "message": "success"}'}
2020-05-20 16:18:45,152 接口测试 INFO 正在进行断言.....
2020-05-20 16:18:45,152 接口测试 INFO 正在向 http://www.neeo.cc:6002/pinter/bank/api/query2 发送请求，{'case_num': 'neeo_002', 'title': 'token_查询余额', 'url': 'http://www.neeo.cc:6002/pinter/bank/api/query2', 'method': 'get', 'params': '{"userName": "admin"}', 'data': '', 'json': '', 'cookies': '', 'headers': '{"testfan-token": "${neeo_001>response_json>data}$"}', 'except': '{"code": "0", "message": "success"}'}
2020-05-20 16:18:45,378 接口测试 INFO 完成断言，{'code': '0', 'message': 'success'}
2020-05-20 16:18:45,385 接口测试 INFO 正在进行断言.....
2020-05-20 16:18:45,385 接口测试 INFO 正在向 http://www.neeo.cc:6002/pinter/bank/api/login 发送请求，{'case_num': 'neeo_003', 'title': 'cookies_登录', 'url': 'http://www.neeo.cc:6002/pinter/bank/api/login', 'method': 'post', 'params': '', 'data': '{"userName": "admin", "password": "1234"}', 'json': '', 'cookies': '', 'headers': '', 'except': '{"code": "0", "message": "success"}'}
2020-05-20 16:18:45,566 接口测试 INFO 完成断言，{'code': '0', 'message': 'success'}
2020-05-20 16:18:45,568 接口测试 INFO 正在进行断言.....
2020-05-20 16:18:45,568 接口测试 INFO 正在向 http://www.neeo.cc:6002/pinter/bank/api/query 发送请求，{'case_num': 'neeo_004', 'title': 'cookies_查询余额', 'url': 'http://www.neeo.cc:6002/pinter/bank/api/query', 'method': 'get', 'params': '{"userName": "admin"}', 'data': '', 'json': '', 'cookies': 'neeo_003', 'headers': '', 'except': '{"code": "0", "message": "success1"}'}
2020-05-20 16:18:45,786 接口测试 INFO 正在进行断言.....
2020-05-20 16:18:45,786 接口测试 INFO 正在向 http://www.neeo.cc:6002/pinter/com/buy 发送请求，{'case_num': 'neeo_005', 'title': '下单接口', 'url': 'http://www.neeo.cc:6002/pinter/com/buy', 'method': 'post', 'params': '', 'data': '{"param":{"skuId":123,"num":10}}', 'json': '', 'cookies': '', 'headers': '', 'except': '{"code": "0", "message": "success"}'}
2020-05-20 16:18:45,986 接口测试 INFO 完成断言，{'code': '0', 'message': 'success'}
2020-05-20 16:18:45,989 接口测试 INFO 正在进行断言.....
2020-05-20 16:18:45,989 接口测试 INFO 正在向 http://www.neeo.cc:6002/pinter/com/getSku 发送请求，{'case_num': 'neeo_006', 'title': '查询库存', 'url': 'http://www.neeo.cc:6002/pinter/com/getSku', 'method': 'get', 'params': '{"id":1}', 'data': '', 'json': '', 'cookies': '', 'headers': '', 'except': '{"code": "0", "message": "success"}'}
2020-05-20 16:18:46,190 接口测试 INFO 完成断言，{'code': '0', 'message': 'success'}
2020-05-20 16:18:46,193 接口测试 INFO 正在进行断言.....
2020-05-20 16:18:46,193 接口测试 INFO 正在向 http://www.neeo.cc:6002/pinter/com/login 发送请求，{'case_num': 'neeo_007', 'title': '普通登录', 'url': 'http://www.neeo.cc:6002/pinter/com/login', 'method': 'post', 'params': '', 'data': '{"userName": "${neeo_002>request_params>userName}$", "password": "${neeo_003>request_data>password}$"}', 'json': '', 'cookies': '', 'headers': '', 'except': '{"code": "1", "message": "success"}'}
2020-05-20 16:18:46,421 接口测试 INFO 正在生成测试报告.....
2020-05-20 16:18:49,656 接口测试 INFO 生成测试报告成功.....
2020-05-20 16:55:50,710 接口测试 INFO 正在生成测试报告.....
2020-05-20 16:55:52,900 接口测试 INFO 生成测试报告成功.....
2020-05-20 16:58:02,084 接口测试 INFO 正在生成测试报告.....
2020-05-20 16:58:04,208 接口测试 INFO 生成测试报告成功.....
2020-05-20 16:58:16,074 接口测试 INFO 读取Excel 成功，数据已返回
2020-05-20 16:58:16,079 接口测试 INFO 正在进行断言.....
2020-05-20 16:58:16,079 接口测试 INFO 正在向 http://www.neeo.cc:6002/pinter/bank/api/login2 发送请求，{'case_num': 'neeo_001', 'title': 'token_登录', 'url': 'http://www.neeo.cc:6002/pinter/bank/api/login2', 'method': 'post', 'params': '', 'data': '{"userName": "admin", "password": "1234"}', 'json': '', 'cookies': '', 'headers': '', 'except': '{"code": "2", "message": "success"}'}
2020-05-20 16:58:18,152 接口测试 INFO 正在进行断言.....
2020-05-20 16:58:18,152 接口测试 INFO 正在向 http://www.neeo.cc:6002/pinter/bank/api/query2 发送请求，{'case_num': 'neeo_002', 'title': 'token_查询余额', 'url': 'http://www.neeo.cc:6002/pinter/bank/api/query2', 'method': 'get', 'params': '{"userName": "admin"}', 'data': '', 'json': '', 'cookies': '', 'headers': '{"testfan-token": "${neeo_001>response_json>data}$"}', 'except': '{"code": "0", "message": "success"}'}
2020-05-20 16:58:18,214 接口测试 INFO 完成断言，{'code': '0', 'message': 'success'}
2020-05-20 16:58:18,222 接口测试 INFO 正在进行断言.....
2020-05-20 16:58:18,222 接口测试 INFO 正在向 http://www.neeo.cc:6002/pinter/bank/api/login 发送请求，{'case_num': 'neeo_003', 'title': 'cookies_登录', 'url': 'http://www.neeo.cc:6002/pinter/bank/api/login', 'method': 'post', 'params': '', 'data': '{"userName": "admin", "password": "1234"}', 'json': '', 'cookies': '', 'headers': '', 'except': '{"code": "0", "message": "success"}'}
2020-05-20 16:58:18,242 接口测试 INFO 完成断言，{'code': '0', 'message': 'success'}
2020-05-20 16:58:18,244 接口测试 INFO 正在进行断言.....
2020-05-20 16:58:18,245 接口测试 INFO 正在向 http://www.neeo.cc:6002/pinter/bank/api/query 发送请求，{'case_num': 'neeo_004', 'title': 'cookies_查询余额', 'url': 'http://www.neeo.cc:6002/pinter/bank/api/query', 'method': 'get', 'params': '{"userName": "admin"}', 'data': '', 'json': '', 'cookies': 'neeo_003', 'headers': '', 'except': '{"code": "0", "message": "success1"}'}
2020-05-20 16:58:18,268 接口测试 INFO 正在进行断言.....
2020-05-20 16:58:18,268 接口测试 INFO 正在向 http://www.neeo.cc:6002/pinter/com/buy 发送请求，{'case_num': 'neeo_005', 'title': '下单接口', 'url': 'http://www.neeo.cc:6002/pinter/com/buy', 'method': 'post', 'params': '', 'data': '{"param":{"skuId":123,"num":10}}', 'json': '', 'cookies': '', 'headers': '', 'except': '{"code": "0", "message": "success"}'}
2020-05-20 16:58:18,307 接口测试 INFO 完成断言，{'code': '0', 'message': 'success'}
2020-05-20 16:58:18,310 接口测试 INFO 正在进行断言.....
2020-05-20 16:58:18,310 接口测试 INFO 正在向 http://www.neeo.cc:6002/pinter/com/getSku 发送请求，{'case_num': 'neeo_006', 'title': '查询库存', 'url': 'http://www.neeo.cc:6002/pinter/com/getSku', 'method': 'get', 'params': '{"id":1}', 'data': '', 'json': '', 'cookies': '', 'headers': '', 'except': '{"code": "0", "message": "success"}'}
2020-05-20 16:58:18,331 接口测试 INFO 完成断言，{'code': '0', 'message': 'success'}
2020-05-20 16:58:18,334 接口测试 INFO 正在进行断言.....
2020-05-20 16:58:18,334 接口测试 INFO 正在向 http://www.neeo.cc:6002/pinter/com/login 发送请求，{'case_num': 'neeo_007', 'title': '普通登录', 'url': 'http://www.neeo.cc:6002/pinter/com/login', 'method': 'post', 'params': '', 'data': '{"userName": "${neeo_002>request_params>userName}$", "password": "${neeo_003>request_data>password}$"}', 'json': '', 'cookies': '', 'headers': '', 'except': '{"code": "1", "message": "success"}'}
2020-05-20 16:58:18,369 接口测试 INFO 正在生成测试报告.....
2020-05-20 16:58:20,811 接口测试 INFO 生成测试报告成功.....
2020-05-20 17:21:48,482 接口测试 INFO 读取Excel 成功，数据已返回
2020-05-20 17:21:48,599 接口测试 INFO 正在进行断言.....
2020-05-20 17:21:48,600 接口测试 INFO 正在向 http://www.neeo.cc:6002/pinter/bank/api/login2 发送请求，{'case_num': 'neeo_001', 'title': 'token_登录', 'url': 'http://www.neeo.cc:6002/pinter/bank/api/login2', 'method': 'post', 'params': '', 'data': '{"userName": "admin", "password": "1234"}', 'json': '', 'cookies': '', 'headers': '', 'except': '{"code": "2", "message": "success"}'}
2020-05-20 17:21:57,665 接口测试 INFO 正在进行断言.....
2020-05-20 17:21:57,665 接口测试 INFO 正在向 http://www.neeo.cc:6002/pinter/bank/api/query2 发送请求，{'case_num': 'neeo_002', 'title': 'token_查询余额', 'url': 'http://www.neeo.cc:6002/pinter/bank/api/query2', 'method': 'get', 'params': '{"userName": "admin"}', 'data': '', 'json': '', 'cookies': '', 'headers': '{"testfan-token": "${neeo_001>response_json>data}$"}', 'except': '{"code": "0", "message": "success"}'}
2020-05-20 17:21:57,747 接口测试 INFO 完成断言，{'code': '0', 'message': 'success'}
2020-05-20 17:21:57,750 接口测试 INFO 正在进行断言.....
2020-05-20 17:21:57,750 接口测试 INFO 正在向 http://www.neeo.cc:6002/pinter/bank/api/login 发送请求，{'case_num': 'neeo_003', 'title': 'cookies_登录', 'url': 'http://www.neeo.cc:6002/pinter/bank/api/login', 'method': 'post', 'params': '', 'data': '{"userName": "admin", "password": "1234"}', 'json': '', 'cookies': '', 'headers': '', 'except': '{"code": "0", "message": "success"}'}
2020-05-20 17:21:57,766 接口测试 INFO 完成断言，{'code': '0', 'message': 'success'}
2020-05-20 17:21:57,768 接口测试 INFO 正在进行断言.....
2020-05-20 17:21:57,769 接口测试 INFO 正在向 http://www.neeo.cc:6002/pinter/bank/api/query 发送请求，{'case_num': 'neeo_004', 'title': 'cookies_查询余额', 'url': 'http://www.neeo.cc:6002/pinter/bank/api/query', 'method': 'get', 'params': '{"userName": "admin"}', 'data': '', 'json': '', 'cookies': 'neeo_003', 'headers': '', 'except': '{"code": "0", "message": "success1"}'}
2020-05-20 17:21:57,790 接口测试 INFO 正在进行断言.....
2020-05-20 17:21:57,790 接口测试 INFO 正在向 http://www.neeo.cc:6002/pinter/com/buy 发送请求，{'case_num': 'neeo_005', 'title': '下单接口', 'url': 'http://www.neeo.cc:6002/pinter/com/buy', 'method': 'post', 'params': '', 'data': '{"param":{"skuId":123,"num":10}}', 'json': '', 'cookies': '', 'headers': '', 'except': '{"code": "0", "message": "success"}'}
2020-05-20 17:21:57,829 接口测试 INFO 完成断言，{'code': '0', 'message': 'success'}
2020-05-20 17:21:57,831 接口测试 INFO 正在进行断言.....
2020-05-20 17:21:57,832 接口测试 INFO 正在向 http://www.neeo.cc:6002/pinter/com/getSku 发送请求，{'case_num': 'neeo_006', 'title': '查询库存', 'url': 'http://www.neeo.cc:6002/pinter/com/getSku', 'method': 'get', 'params': '{"id":1}', 'data': '', 'json': '', 'cookies': '', 'headers': '', 'except': '{"code": "0", "message": "success"}'}
2020-05-20 17:21:57,849 接口测试 INFO 完成断言，{'code': '0', 'message': 'success'}
2020-05-20 17:21:57,852 接口测试 INFO 正在进行断言.....
2020-05-20 17:21:57,852 接口测试 INFO 正在向 http://www.neeo.cc:6002/pinter/com/login 发送请求，{'case_num': 'neeo_007', 'title': '普通登录', 'url': 'http://www.neeo.cc:6002/pinter/com/login', 'method': 'post', 'params': '', 'data': '{"userName": "${neeo_002>request_params>userName}$", "password": "${neeo_003>request_data>password}$"}', 'json': '', 'cookies': '', 'headers': '', 'except': '{"code": "1", "message": "success"}'}
2020-05-20 17:22:49,576 接口测试 INFO 读取Excel 成功，数据已返回
2020-05-20 17:22:49,581 接口测试 INFO 正在进行断言.....
2020-05-20 17:22:49,581 接口测试 INFO 正在向 http://www.neeo.cc:6002/pinter/bank/api/login2 发送请求，{'case_num': 'neeo_001', 'title': 'token_登录', 'url': 'http://www.neeo.cc:6002/pinter/bank/api/login2', 'method': 'post', 'params': '', 'data': '{"userName": "admin", "password": "1234"}', 'json': '', 'cookies': '', 'headers': '', 'except': '{"code": "2", "message": "success"}'}
2020-05-20 17:22:49,643 接口测试 INFO 正在进行断言.....
2020-05-20 17:22:49,643 接口测试 INFO 正在向 http://www.neeo.cc:6002/pinter/bank/api/query2 发送请求，{'case_num': 'neeo_002', 'title': 'token_查询余额', 'url': 'http://www.neeo.cc:6002/pinter/bank/api/query2', 'method': 'get', 'params': '{"userName": "admin"}', 'data': '', 'json': '', 'cookies': '', 'headers': '{"testfan-token": "${neeo_001>response_json>data}$"}', 'except': '{"code": "0", "message": "success"}'}
2020-05-20 17:22:49,673 接口测试 INFO 完成断言，{'code': '0', 'message': 'success'}
2020-05-20 17:22:49,681 接口测试 INFO 正在进行断言.....
2020-05-20 17:22:49,681 接口测试 INFO 正在向 http://www.neeo.cc:6002/pinter/bank/api/login 发送请求，{'case_num': 'neeo_003', 'title': 'cookies_登录', 'url': 'http://www.neeo.cc:6002/pinter/bank/api/login', 'method': 'post', 'params': '', 'data': '{"userName": "admin", "password": "1234"}', 'json': '', 'cookies': '', 'headers': '', 'except': '{"code": "0", "message": "success"}'}
2020-05-20 17:22:49,698 接口测试 INFO 完成断言，{'code': '0', 'message': 'success'}
2020-05-20 17:22:49,701 接口测试 INFO 正在进行断言.....
2020-05-20 17:22:49,701 接口测试 INFO 正在向 http://www.neeo.cc:6002/pinter/bank/api/query 发送请求，{'case_num': 'neeo_004', 'title': 'cookies_查询余额', 'url': 'http://www.neeo.cc:6002/pinter/bank/api/query', 'method': 'get', 'params': '{"userName": "admin"}', 'data': '', 'json': '', 'cookies': 'neeo_003', 'headers': '', 'except': '{"code": "0", "message": "success1"}'}
2020-05-20 17:22:49,722 接口测试 INFO 正在进行断言.....
2020-05-20 17:22:49,722 接口测试 INFO 正在向 http://www.neeo.cc:6002/pinter/com/buy 发送请求，{'case_num': 'neeo_005', 'title': '下单接口', 'url': 'http://www.neeo.cc:6002/pinter/com/buy', 'method': 'post', 'params': '', 'data': '{"param":{"skuId":123,"num":10}}', 'json': '', 'cookies': '', 'headers': '', 'except': '{"code": "0", "message": "success"}'}
2020-05-20 17:22:49,759 接口测试 INFO 完成断言，{'code': '0', 'message': 'success'}
2020-05-20 17:22:49,762 接口测试 INFO 正在进行断言.....
2020-05-20 17:22:49,762 接口测试 INFO 正在向 http://www.neeo.cc:6002/pinter/com/getSku 发送请求，{'case_num': 'neeo_006', 'title': '查询库存', 'url': 'http://www.neeo.cc:6002/pinter/com/getSku', 'method': 'get', 'params': '{"id":1}', 'data': '', 'json': '', 'cookies': '', 'headers': '', 'except': '{"code": "0", "message": "success"}'}
2020-05-20 17:22:49,780 接口测试 INFO 完成断言，{'code': '0', 'message': 'success'}
2020-05-20 17:22:49,784 接口测试 INFO 正在进行断言.....
2020-05-20 17:22:49,784 接口测试 INFO 正在向 http://www.neeo.cc:6002/pinter/com/login 发送请求，{'case_num': 'neeo_007', 'title': '普通登录', 'url': 'http://www.neeo.cc:6002/pinter/com/login', 'method': 'post', 'params': '', 'data': '{"userName": "${neeo_002>request_params>userName}$", "password": "${neeo_003>request_data>password}$"}', 'json': '', 'cookies': '', 'headers': '', 'except': '{"code": "1", "message": "success"}'}
2020-05-20 17:22:49,822 接口测试 INFO 正在生成测试报告.....
2020-05-20 17:22:52,230 接口测试 INFO 生成测试报告成功.....
2020-05-20 17:23:16,606 接口测试 INFO 读取Excel 成功，数据已返回
2020-05-20 17:23:16,611 接口测试 INFO 正在进行断言.....
2020-05-20 17:23:16,611 接口测试 INFO 正在向 http://www.neeo.cc:6002/pinter/bank/api/login2 发送请求，{'case_num': 'neeo_001', 'title': 'token_登录', 'url': 'http://www.neeo.cc:6002/pinter/bank/api/login2', 'method': 'post', 'params': '', 'data': '{"userName": "admin", "password": "1234"}', 'json': '', 'cookies': '', 'headers': '', 'except': '{"code": "2", "message": "success"}'}
2020-05-20 17:23:16,761 接口测试 INFO 正在进行断言.....
2020-05-20 17:23:16,761 接口测试 INFO 正在向 http://www.neeo.cc:6002/pinter/bank/api/query2 发送请求，{'case_num': 'neeo_002', 'title': 'token_查询余额', 'url': 'http://www.neeo.cc:6002/pinter/bank/api/query2', 'method': 'get', 'params': '{"userName": "admin"}', 'data': '', 'json': '', 'cookies': '', 'headers': '{"testfan-token": "${neeo_001>response_json>data}$"}', 'except': '{"code": "0", "message": "success"}'}
2020-05-20 17:23:16,784 接口测试 INFO 完成断言，{'code': '0', 'message': 'success'}
2020-05-20 17:23:16,792 接口测试 INFO 正在进行断言.....
2020-05-20 17:23:16,792 接口测试 INFO 正在向 http://www.neeo.cc:6002/pinter/bank/api/login 发送请求，{'case_num': 'neeo_003', 'title': 'cookies_登录', 'url': 'http://www.neeo.cc:6002/pinter/bank/api/login', 'method': 'post', 'params': '', 'data': '{"userName": "admin", "password": "1234"}', 'json': '', 'cookies': '', 'headers': '', 'except': '{"code": "0", "message": "success"}'}
2020-05-20 17:23:16,811 接口测试 INFO 完成断言，{'code': '0', 'message': 'success'}
2020-05-20 17:23:16,814 接口测试 INFO 正在进行断言.....
2020-05-20 17:23:16,814 接口测试 INFO 正在向 http://www.neeo.cc:6002/pinter/bank/api/query 发送请求，{'case_num': 'neeo_004', 'title': 'cookies_查询余额', 'url': 'http://www.neeo.cc:6002/pinter/bank/api/query', 'method': 'get', 'params': '{"userName": "admin"}', 'data': '', 'json': '', 'cookies': 'neeo_003', 'headers': '', 'except': '{"code": "0", "message": "success1"}'}
2020-05-20 17:23:16,843 接口测试 INFO 正在进行断言.....
2020-05-20 17:23:16,843 接口测试 INFO 正在向 http://www.neeo.cc:6002/pinter/com/buy 发送请求，{'case_num': 'neeo_005', 'title': '下单接口', 'url': 'http://www.neeo.cc:6002/pinter/com/buy', 'method': 'post', 'params': '', 'data': '{"param":{"skuId":123,"num":10}}', 'json': '', 'cookies': '', 'headers': '', 'except': '{"code": "0", "message": "success"}'}
2020-05-20 17:23:16,883 接口测试 INFO 完成断言，{'code': '0', 'message': 'success'}
2020-05-20 17:23:16,887 接口测试 INFO 正在进行断言.....
2020-05-20 17:23:16,887 接口测试 INFO 正在向 http://www.neeo.cc:6002/pinter/com/getSku 发送请求，{'case_num': 'neeo_006', 'title': '查询库存', 'url': 'http://www.neeo.cc:6002/pinter/com/getSku', 'method': 'get', 'params': '{"id":1}', 'data': '', 'json': '', 'cookies': '', 'headers': '', 'except': '{"code": "0", "message": "success"}'}
2020-05-20 17:23:16,905 接口测试 INFO 完成断言，{'code': '0', 'message': 'success'}
2020-05-20 17:23:16,909 接口测试 INFO 正在进行断言.....
2020-05-20 17:23:16,909 接口测试 INFO 正在向 http://www.neeo.cc:6002/pinter/com/login 发送请求，{'case_num': 'neeo_007', 'title': '普通登录', 'url': 'http://www.neeo.cc:6002/pinter/com/login', 'method': 'post', 'params': '', 'data': '{"userName": "${neeo_002>request_params>userName}$", "password": "${neeo_003>request_data>password}$"}', 'json': '', 'cookies': '', 'headers': '', 'except': '{"code": "1", "message": "success"}'}
2020-05-20 17:23:16,940 接口测试 INFO 正在生成测试报告.....
2020-05-20 17:23:19,310 接口测试 INFO 生成测试报告成功.....
2020-05-20 17:48:30,494 接口测试 INFO 读取Excel 成功，数据已返回
2020-05-20 17:48:30,499 接口测试 INFO 正在进行断言.....
2020-05-20 17:48:30,499 接口测试 INFO 正在向 http://www.neeo.cc:6002/pinter/bank/api/login2 发送请求，{'case_num': 'neeo_001', 'title': 'token_登录', 'url': 'http://www.neeo.cc:6002/pinter/bank/api/login2', 'method': 'post', 'params': '', 'data': '{"userName": "admin", "password": "1234"}', 'json': '', 'cookies': '', 'headers': '', 'except': '{"code": "2", "message": "success"}'}
2020-05-20 17:48:30,631 接口测试 INFO 正在进行断言.....
2020-05-20 17:48:30,631 接口测试 INFO 正在向 http://www.neeo.cc:6002/pinter/bank/api/query2 发送请求，{'case_num': 'neeo_002', 'title': 'token_查询余额', 'url': 'http://www.neeo.cc:6002/pinter/bank/api/query2', 'method': 'get', 'params': '{"userName": "admin"}', 'data': '', 'json': '', 'cookies': '', 'headers': '{"testfan-token": "${neeo_001>response_json>data}$"}', 'except': '{"code": "0", "message": "success"}'}
2020-05-20 17:48:30,653 接口测试 INFO 完成断言，{'code': '0', 'message': 'success'}
2020-05-20 17:48:30,660 接口测试 INFO 正在进行断言.....
2020-05-20 17:48:30,660 接口测试 INFO 正在向 http://www.neeo.cc:6002/pinter/bank/api/login 发送请求，{'case_num': 'neeo_003', 'title': 'cookies_登录', 'url': 'http://www.neeo.cc:6002/pinter/bank/api/login', 'method': 'post', 'params': '', 'data': '{"userName": "admin", "password": "1234"}', 'json': '', 'cookies': '', 'headers': '', 'except': '{"code": "0", "message": "success"}'}
2020-05-20 17:48:30,675 接口测试 INFO 完成断言，{'code': '0', 'message': 'success'}
2020-05-20 17:48:30,678 接口测试 INFO 正在进行断言.....
2020-05-20 17:48:30,678 接口测试 INFO 正在向 http://www.neeo.cc:6002/pinter/bank/api/query 发送请求，{'case_num': 'neeo_004', 'title': 'cookies_查询余额', 'url': 'http://www.neeo.cc:6002/pinter/bank/api/query', 'method': 'get', 'params': '{"userName": "admin"}', 'data': '', 'json': '', 'cookies': 'neeo_003', 'headers': '', 'except': '{"code": "0", "message": "success1"}'}
2020-05-20 17:48:30,699 接口测试 INFO 正在进行断言.....
2020-05-20 17:48:30,700 接口测试 INFO 正在向 http://www.neeo.cc:6002/pinter/com/buy 发送请求，{'case_num': 'neeo_005', 'title': '下单接口', 'url': 'http://www.neeo.cc:6002/pinter/com/buy', 'method': 'post', 'params': '', 'data': '{"param":{"skuId":123,"num":10}}', 'json': '', 'cookies': '', 'headers': '', 'except': '{"code": "0", "message": "success"}'}
2020-05-20 17:48:30,742 接口测试 INFO 完成断言，{'code': '0', 'message': 'success'}
2020-05-20 17:48:30,746 接口测试 INFO 正在进行断言.....
2020-05-20 17:48:30,747 接口测试 INFO 正在向 http://www.neeo.cc:6002/pinter/com/getSku 发送请求，{'case_num': 'neeo_006', 'title': '查询库存', 'url': 'http://www.neeo.cc:6002/pinter/com/getSku', 'method': 'get', 'params': '{"id":1}', 'data': '', 'json': '', 'cookies': '', 'headers': '', 'except': '{"code": "0", "message": "success"}'}
2020-05-20 17:48:30,762 接口测试 INFO 完成断言，{'code': '0', 'message': 'success'}
2020-05-20 17:48:30,766 接口测试 INFO 正在进行断言.....
2020-05-20 17:48:30,766 接口测试 INFO 正在向 http://www.neeo.cc:6002/pinter/com/login 发送请求，{'case_num': 'neeo_007', 'title': '普通登录', 'url': 'http://www.neeo.cc:6002/pinter/com/login', 'method': 'post', 'params': '', 'data': '{"userName": "${neeo_002>request_params>userName}$", "password": "${neeo_003>request_data>password}$"}', 'json': '', 'cookies': '', 'headers': '', 'except': '{"code": "1", "message": "success"}'}
2020-05-20 17:48:30,804 接口测试 INFO 正在生成测试报告.....
2020-05-20 17:48:33,231 接口测试 INFO 生成测试报告成功.....
2020-05-20 17:53:17,823 接口测试 INFO 读取Excel 成功，数据已返回
2020-05-20 17:53:17,828 接口测试 INFO 正在进行断言.....
2020-05-20 17:53:17,828 接口测试 INFO 正在向 http://www.neeo.cc:6002/pinter/bank/api/login2 发送请求，{'case_num': 'neeo_001', 'title': 'token_登录', 'url': 'http://www.neeo.cc:6002/pinter/bank/api/login2', 'method': 'post', 'params': '', 'data': '{"userName": "admin", "password": "1234"}', 'json': '', 'cookies': '', 'headers': '', 'except': '{"code": "2", "message": "success"}'}
2020-05-20 17:53:20,135 接口测试 INFO 正在进行断言.....
2020-05-20 17:53:20,135 接口测试 INFO 正在向 http://www.neeo.cc:6002/pinter/bank/api/query2 发送请求，{'case_num': 'neeo_002', 'title': 'token_查询余额', 'url': 'http://www.neeo.cc:6002/pinter/bank/api/query2', 'method': 'get', 'params': '{"userName": "admin"}', 'data': '', 'json': '', 'cookies': '', 'headers': '{"testfan-token": "${neeo_001>response_json>data}$"}', 'except': '{"code": "0", "message": "success"}'}
2020-05-20 17:53:20,157 接口测试 INFO 完成断言，{'code': '0', 'message': 'success'}
2020-05-20 17:53:20,160 接口测试 INFO 正在进行断言.....
2020-05-20 17:53:20,160 接口测试 INFO 正在向 http://www.neeo.cc:6002/pinter/bank/api/login 发送请求，{'case_num': 'neeo_003', 'title': 'cookies_登录', 'url': 'http://www.neeo.cc:6002/pinter/bank/api/login', 'method': 'post', 'params': '', 'data': '{"userName": "admin", "password": "1234"}', 'json': '', 'cookies': '', 'headers': '', 'except': '{"code": "0", "message": "success"}'}
2020-05-20 17:53:20,176 接口测试 INFO 完成断言，{'code': '0', 'message': 'success'}
2020-05-20 17:53:20,179 接口测试 INFO 正在进行断言.....
2020-05-20 17:53:20,179 接口测试 INFO 正在向 http://www.neeo.cc:6002/pinter/bank/api/query 发送请求，{'case_num': 'neeo_004', 'title': 'cookies_查询余额', 'url': 'http://www.neeo.cc:6002/pinter/bank/api/query', 'method': 'get', 'params': '{"userName": "admin"}', 'data': '', 'json': '', 'cookies': 'neeo_003', 'headers': '', 'except': '{"code": "0", "message": "success1"}'}
2020-05-20 17:53:20,201 接口测试 INFO 正在进行断言.....
2020-05-20 17:53:20,201 接口测试 INFO 正在向 http://www.neeo.cc:6002/pinter/com/buy 发送请求，{'case_num': 'neeo_005', 'title': '下单接口', 'url': 'http://www.neeo.cc:6002/pinter/com/buy', 'method': 'post', 'params': '', 'data': '{"param":{"skuId":123,"num":10}}', 'json': '', 'cookies': '', 'headers': '', 'except': '{"code": "0", "message": "success"}'}
2020-05-20 17:53:20,236 接口测试 INFO 完成断言，{'code': '0', 'message': 'success'}
2020-05-20 17:53:20,239 接口测试 INFO 正在进行断言.....
2020-05-20 17:53:20,239 接口测试 INFO 正在向 http://www.neeo.cc:6002/pinter/com/getSku 发送请求，{'case_num': 'neeo_006', 'title': '查询库存', 'url': 'http://www.neeo.cc:6002/pinter/com/getSku', 'method': 'get', 'params': '{"id":1}', 'data': '', 'json': '', 'cookies': '', 'headers': '', 'except': '{"code": "0", "message": "success"}'}
2020-05-20 17:53:20,256 接口测试 INFO 完成断言，{'code': '0', 'message': 'success'}
2020-05-20 17:53:20,259 接口测试 INFO 正在进行断言.....
2020-05-20 17:53:20,259 接口测试 INFO 正在向 http://www.neeo.cc:6002/pinter/com/login 发送请求，{'case_num': 'neeo_007', 'title': '普通登录', 'url': 'http://www.neeo.cc:6002/pinter/com/login', 'method': 'post', 'params': '', 'data': '{"userName": "${neeo_002>request_params>userName}$", "password": "${neeo_003>request_data>password}$"}', 'json': '', 'cookies': '', 'headers': '', 'except': '{"code": "1", "message": "success"}'}
2020-05-20 17:53:20,293 接口测试 INFO 正在生成测试报告.....
2020-05-20 17:53:22,840 接口测试 INFO 生成测试报告成功.....
2020-05-20 18:31:02,959 接口测试 INFO 正在生成测试报告.....
2020-05-20 18:31:05,013 接口测试 INFO 生成测试报告成功.....
2020-05-20 18:31:26,003 接口测试 INFO 正在生成测试报告.....
2020-05-20 18:31:28,072 接口测试 INFO 生成测试报告成功.....
